{"C:\\Users\\91738\\Desktop\\git\\job-search\\src\\components\\Navigation\\MainNav.vue": {"path":"C:\\Users\\91738\\Desktop\\git\\job-search\\src\\components\\Navigation\\MainNav.vue","statementMap":{"0":{"start":{"line":4,"column":29},"end":{"line":4,"column":146}},"1":{"start":{"line":5,"column":0},"end":{"line":7,"column":3}},"2":{"start":{"line":8,"column":0},"end":{"line":8,"column":25}},"3":{"start":{"line":62,"column":0},"end":{"line":62,"column":13}},"4":{"start":{"line":64,"column":0},"end":{"line":66,"column":3}},"5":{"start":{"line":67,"column":0},"end":{"line":67,"column":24}},"6":{"start":{"line":68,"column":11},"end":{"line":68,"column":25}},"7":{"start":{"line":69,"column":19},"end":{"line":71,"column":1}},"8":{"start":{"line":72,"column":19},"end":{"line":74,"column":1}},"9":{"start":{"line":75,"column":19},"end":{"line":75,"column":27}},"10":{"start":{"line":76,"column":19},"end":{"line":78,"column":1}},"11":{"start":{"line":79,"column":19},"end":{"line":81,"column":1}},"12":{"start":{"line":82,"column":19},"end":{"line":85,"column":1}},"13":{"start":{"line":86,"column":19},"end":{"line":88,"column":1}},"14":{"start":{"line":90,"column":34},"end":{"line":90,"column":76}},"15":{"start":{"line":91,"column":35},"end":{"line":91,"column":78}},"16":{"start":{"line":92,"column":28},"end":{"line":92,"column":64}},"17":{"start":{"line":93,"column":2},"end":{"line":116,"column":70}},"18":{"start":{"line":99,"column":4},"end":{"line":103,"column":107}},"19":{"start":{"line":117,"column":2},"end":{"line":117,"column":49}}},"fnMap":{"0":{"name":"render","decl":{"start":{"line":89,"column":9},"end":{"line":89,"column":15}},"loc":{"start":{"line":89,"column":30},"end":{"line":117,"column":1}},"line":89},"1":{"name":"(anonymous_1)","decl":{"start":{"line":98,"column":292},"end":{"line":98,"column":293}},"loc":{"start":{"line":98,"column":304},"end":{"line":104,"column":3}},"line":98}},"branchMap":{"0":{"loc":{"start":{"line":104,"column":87},"end":{"line":113,"column":39}},"type":"cond-expr","locations":[{"start":{"line":104,"column":106},"end":{"line":107,"column":4}},{"start":{"line":107,"column":9},"end":{"line":113,"column":38}}],"line":104},"1":{"loc":{"start":{"line":113,"column":45},"end":{"line":116,"column":50}},"type":"cond-expr","locations":[{"start":{"line":113,"column":64},"end":{"line":116,"column":4}},{"start":{"line":116,"column":8},"end":{"line":116,"column":50}}],"line":113}},"s":{"0":1,"1":1,"2":1,"3":1,"4":1,"5":1,"6":1,"7":1,"8":1,"9":1,"10":1,"11":1,"12":1,"13":1,"14":7,"15":7,"16":7,"17":7,"18":42,"19":1},"f":{"0":7,"1":42},"b":{"0":[2,5],"1":[2,5]},"inputSourceMap":{"0":"{","1":"\"","2":"v","3":"e","4":"r","5":"s","6":"i","7":"o","8":"n","9":"\"","10":":","11":"3","12":",","13":"\"","14":"s","15":"o","16":"u","17":"r","18":"c","19":"e","20":"s","21":"\"","22":":","23":"[","24":"\"","25":"C","26":":","27":"\\","28":"\\","29":"U","30":"s","31":"e","32":"r","33":"s","34":"\\","35":"\\","36":"9","37":"1","38":"7","39":"3","40":"8","41":"\\","42":"\\","43":"D","44":"e","45":"s","46":"k","47":"t","48":"o","49":"p","50":"\\","51":"\\","52":"g","53":"i","54":"t","55":"\\","56":"\\","57":"j","58":"o","59":"b","60":"-","61":"s","62":"e","63":"a","64":"r","65":"c","66":"h","67":"\\","68":"\\","69":"s","70":"r","71":"c","72":"\\","73":"\\","74":"c","75":"o","76":"m","77":"p","78":"o","79":"n","80":"e","81":"n","82":"t","83":"s","84":"\\","85":"\\","86":"N","87":"a","88":"v","89":"i","90":"g","91":"a","92":"t","93":"i","94":"o","95":"n","96":"\\","97":"\\","98":"M","99":"a","100":"i","101":"n","102":"N","103":"a","104":"v","105":".","106":"v","107":"u","108":"e","109":"\"","110":"]","111":",","112":"\"","113":"n","114":"a","115":"m","116":"e","117":"s","118":"\"","119":":","120":"[","121":"]","122":",","123":"\"","124":"m","125":"a","126":"p","127":"p","128":"i","129":"n","130":"g","131":"s","132":"\"","133":":","134":"\"","135":";","136":";","137":";","138":";","139":";","140":";","141":";","142":";","143":"A","144":"A","145":"w","146":"C","147":"A","148":";","149":"A","150":"A","151":"A","152":"A","153":";","154":"A","155":"A","156":"A","157":"A","158":";","159":"A","160":"A","161":"C","162":"A","163":";","164":"A","165":"A","166":"A","167":"A","168":";","169":"A","170":"A","171":"A","172":"A","173":";","174":"A","175":"A","176":"C","177":"A","178":";","179":"A","180":"A","181":"A","182":"A","183":";","184":"A","185":"A","186":"A","187":"A","188":";","189":"A","190":"A","191":"A","192":"w","193":"D","194":";","195":"A","196":"A","197":"A","198":"A","199":",","200":"e","201":"A","202":"C","203":"z","204":"C","205":";","206":"E","207":"A","208":"C","209":"b","210":",","211":"I","212":"A","213":"A","214":"I","215":",","216":"E","217":"A","218":"A","219":"E","220":",","221":"S","222":"A","223":"A","224":"S","225":";","226":"E","227":"A","228":"C","229":"f","230":",","231":"U","232":"A","233":"A","234":"U","235":",","236":"E","237":"A","238":"A","239":"E","240":";","241":"I","242":"A","243":"C","244":"V","245":",","246":"Y","247":"A","248":"A","249":"Y","250":";","251":"I","252":"A","253":"A","254":"Z","255":";","256":"I","257":"A","258":"A","259":"A","260":";","261":"I","262":"A","263":"A","264":"A","265":";","266":"I","267":"A","268":"A","269":"A","270":",","271":"O","272":"A","273":"A","274":"Y","275":";","276":"I","277":"A","278":"C","279":"Z","280":",","281":"Y","282":"A","283":"A","284":"Y","285":";","286":"I","287":"A","288":"A","289":"Z","290":";","291":"I","292":"A","293":"A","294":"A","295":";","296":"I","297":"A","298":"A","299":"A","300":";","301":"I","302":"A","303":"A","304":"A","305":",","306":"O","307":"A","308":"A","309":"Y","310":";","311":"I","312":"A","313":"C","314":"Z","315":",","316":"M","317":"A","318":"A","319":"M","320":";","321":"I","322":"A","323":"A","324":"N","325":";","326":"I","327":"A","328":"A","329":"A","330":";","331":"I","332":"A","333":"A","334":"A","335":";","336":"I","337":"A","338":"A","339":"A","340":";","341":"E","342":"A","343":"C","344":"F","345":",","346":"C","347":"A","348":"A","349":"C","350":";","351":"E","352":"A","353":"C","354":"D","355":",","356":"I","357":"A","358":"A","359":"I","360":",","361":"G","362":"A","363":"A","364":"G","365":";","366":"I","367":"A","368":"C","369":"L","370":",","371":"O","372":"A","373":"A","374":"O","375":";","376":"M","377":"A","378":"C","379":"L","380":",","381":"O","382":"A","383":"A","384":"O","385":",","386":"E","387":"A","388":"A","389":"E","390":",","391":"e","392":"A","393":"A","394":"e","395":";","396":"M","397":"A","398":"C","399":"x","400":"B","401":",","402":"G","403":"A","404":"A","405":"G","406":",","407":"E","408":"A","409":"A","410":"E","411":",","412":"w","413":"B","414":"A","415":"A","416":"w","417":"B","418":";","419":"M","420":"A","421":"C","422":"7","423":"B","424":",","425":"S","426":"A","427":"A","428":"S","429":",","430":"E","431":"A","432":"A","433":"E","434":",","435":"C","436":"A","437":"C","438":"T","439":",","440":"O","441":"A","442":"A","443":"O","444":",","445":"E","446":"A","447":"C","448":"P","449":",","450":"W","451":"A","452":"A","453":"W","454":",","455":"E","456":"A","457":"C","458":"X","459":",","460":"g","461":"B","462":"A","463":"A","464":"g","465":"B","466":",","467":"E","468":"A","469":"C","470":"h","471":"B","472":",","473":"a","474":"A","475":"A","476":"a","477":",","478":"E","479":"A","480":"C","481":"b","482":",","483":"U","484":"A","485":"A","486":"U","487":",","488":"E","489":"A","490":"C","491":"V","492":",","493":"M","494":"A","495":"A","496":"M","497":",","498":"C","499":"A","500":"C","501":"P","502":";","503":"M","504":"A","505":"C","506":"D","507":",","508":"U","509":"A","510":"A","511":"U","512":",","513":"E","514":"A","515":"A","516":"E","517":";","518":"I","519":"A","520":"C","521":"d","522":",","523":"C","524":"A","525":"A","526":"C","527":";","528":"E","529":"A","530":"C","531":"H","532":",","533":"C","534":"A","535":"A","536":"C","537":";","538":"E","539":"A","540":"C","541":"D","542":",","543":"Q","544":"A","545":"A","546":"Q","547":",","548":"E","549":"A","550":"A","551":"E","552":";","553":"I","554":"A","555":"C","556":"R","557":",","558":"i","559":"B","560":"A","561":"A","562":"i","563":"B","564":",","565":"G","566":"A","567":"A","568":"G","569":";","570":"M","571":"A","572":"C","573":"l","574":"B","575":",","576":"O","577":"A","578":"A","579":"O","580":";","581":"Q","582":"A","583":"C","584":"L","585":",","586":"M","587":"A","588":"A","589":"M","590":",","591":"E","592":"A","593":"A","594":"E","595":",","596":"C","597":"A","598":"A","599":"C","600":",","601":"I","602":"A","603":"A","604":"I","605":",","606":"C","607":"A","608":"A","609":"C","610":",","611":"U","612":"A","613":"A","614":"U","615":";","616":"Q","617":"A","618":"C","619":"x","620":"B","621":",","622":"M","623":"A","624":"A","625":"M","626":",","627":"E","628":"A","629":"A","630":"E","631":",","632":"I","633":"A","634":"A","635":"I","636":",","637":"C","638":"A","639":"A","640":"C","641":";","642":"M","643":"A","644":"C","645":"f","646":",","647":"C","648":"A","649":"A","650":"C","651":";","652":"I","653":"A","654":"C","655":"H","656":";","657":"E","658":"A","659":"C","660":"F","661":",","662":"C","663":"A","664":"A","665":"C","666":";","667":"E","668":"A","669":"C","670":"D","671":",","672":"O","673":"A","674":"A","675":"O","676":",","677":"E","678":"A","679":"A","680":"E","681":";","682":"I","683":"A","684":"C","685":"P","686":",","687":"S","688":"A","689":"A","690":"S","691":",","692":"G","693":"A","694":"A","695":"G","696":";","697":"M","698":"A","699":"C","700":"V","701":",","702":"I","703":"A","704":"A","705":"I","706":",","707":"C","708":"A","709":"A","710":"C","711":",","712":"U","713":"A","714":"A","715":"U","716":",","717":"G","718":"A","719":"A","720":"G","721":",","722":"I","723":"A","724":"A","725":"I","726":";","727":"I","728":"A","729":"C","730":"x","731":"B","732":";","733":"E","734":"A","735":"C","736":"F","737":";","738":"A","739":"A","740":"C","741":"F","742":",","743":"C","744":"A","745":"A","746":"C","747":";","748":"A","749":"A","750":"A","751":"A","752":";","753":"A","754":"A","755":"A","756":"A","757":"\"","758":",","759":"\"","760":"f","761":"i","762":"l","763":"e","764":"\"","765":":","766":"\"","767":"C","768":":","769":"\\","770":"\\","771":"U","772":"s","773":"e","774":"r","775":"s","776":"\\","777":"\\","778":"9","779":"1","780":"7","781":"3","782":"8","783":"\\","784":"\\","785":"D","786":"e","787":"s","788":"k","789":"t","790":"o","791":"p","792":"\\","793":"\\","794":"g","795":"i","796":"t","797":"\\","798":"\\","799":"j","800":"o","801":"b","802":"-","803":"s","804":"e","805":"a","806":"r","807":"c","808":"h","809":"\\","810":"\\","811":"s","812":"r","813":"c","814":"\\","815":"\\","816":"c","817":"o","818":"m","819":"p","820":"o","821":"n","822":"e","823":"n","824":"t","825":"s","826":"\\","827":"\\","828":"N","829":"a","830":"v","831":"i","832":"g","833":"a","834":"t","835":"i","836":"o","837":"n","838":"\\","839":"\\","840":"M","841":"a","842":"i","843":"n","844":"N","845":"a","846":"v","847":".","848":"v","849":"u","850":"e","851":"\"","852":",","853":"\"","854":"s","855":"o","856":"u","857":"r","858":"c","859":"e","860":"s","861":"C","862":"o","863":"n","864":"t","865":"e","866":"n","867":"t","868":"\"","869":":","870":"[","871":"\"","872":"<","873":"t","874":"e","875":"m","876":"p","877":"l","878":"a","879":"t","880":"e","881":">","882":"\\","883":"r","884":"\\","885":"n","886":" ","887":" ","888":"<","889":"h","890":"e","891":"a","892":"d","893":"e","894":"r","895":" ","896":":","897":"c","898":"l","899":"a","900":"s","901":"s","902":"=","903":"\\","904":"\"","905":"[","906":"'","907":"w","908":"-","909":"f","910":"u","911":"l","912":"l","913":"'","914":",","915":" ","916":"'","917":"t","918":"e","919":"x","920":"t","921":"-","922":"s","923":"m","924":"'","925":",","926":" ","927":"h","928":"e","929":"a","930":"d","931":"e","932":"r","933":"H","934":"e","935":"i","936":"g","937":"h","938":"t","939":"C","940":"l","941":"a","942":"s","943":"s","944":"]","945":"\\","946":"\"","947":">","948":"\\","949":"r","950":"\\","951":"n","952":" ","953":" ","954":" ","955":" ","956":"<","957":"d","958":"i","959":"v","960":" ","961":"c","962":"l","963":"a","964":"s","965":"s","966":"=","967":"\\","968":"\"","969":"f","970":"i","971":"x","972":"e","973":"d","974":" ","975":"t","976":"o","977":"p","978":"-","979":"0","980":" ","981":"l","982":"e","983":"f","984":"t","985":"-","986":"0","987":" ","988":"h","989":"-","990":"1","991":"6","992":" ","993":"w","994":"-","995":"f","996":"u","997":"l","998":"l","999":" ","1000":"b","1001":"g","1002":"-","1003":"w","1004":"h","1005":"i","1006":"t","1007":"e","1008":"\\","1009":"\"","1010":">","1011":"\\","1012":"r","1013":"\\","1014":"n","1015":" ","1016":" ","1017":" ","1018":" ","1019":" ","1020":" ","1021":"<","1022":"d","1023":"i","1024":"v","1025":"\\","1026":"r","1027":"\\","1028":"n","1029":" ","1030":" ","1031":" ","1032":" ","1033":" ","1034":" ","1035":" ","1036":" ","1037":"c","1038":"l","1039":"a","1040":"s","1041":"s","1042":"=","1043":"\\","1044":"\"","1045":"f","1046":"l","1047":"e","1048":"x","1049":" ","1050":"f","1051":"l","1052":"e","1053":"x","1054":"-","1055":"n","1056":"o","1057":"w","1058":"r","1059":"a","1060":"p","1061":" ","1062":"h","1063":"-","1064":"f","1065":"u","1066":"l","1067":"l","1068":" ","1069":"p","1070":"x","1071":"-","1072":"8","1073":" ","1074":"m","1075":"x","1076":"-","1077":"a","1078":"u","1079":"t","1080":"o","1081":" ","1082":"b","1083":"o","1084":"r","1085":"d","1086":"e","1087":"r","1088":"-","1089":"b","1090":" ","1091":"b","1092":"o","1093":"r","1094":"d","1095":"e","1096":"r","1097":"-","1098":"s","1099":"o","1100":"l","1101":"i","1102":"d","1103":" ","1104":"b","1105":"o","1106":"r","1107":"d","1108":"e","1109":"r","1110":"-","1111":"b","1112":"r","1113":"a","1114":"n","1115":"d","1116":"-","1117":"g","1118":"r","1119":"a","1120":"y","1121":"-","1122":"1","1123":"\\","1124":"\"","1125":"\\","1126":"r","1127":"\\","1128":"n","1129":" ","1130":" ","1131":" ","1132":" ","1133":" ","1134":" ","1135":">","1136":"\\","1137":"r","1138":"\\","1139":"n","1140":" ","1141":" ","1142":" ","1143":" ","1144":" ","1145":" ","1146":" ","1147":" ","1148":"<","1149":"a","1150":" ","1151":":","1152":"h","1153":"r","1154":"e","1155":"f","1156":"=","1157":"\\","1158":"\"","1159":"u","1160":"r","1161":"l","1162":"\\","1163":"\"","1164":" ","1165":"c","1166":"l","1167":"a","1168":"s","1169":"s","1170":"=","1171":"\\","1172":"\"","1173":"f","1174":"l","1175":"e","1176":"x","1177":" ","1178":"i","1179":"t","1180":"e","1181":"m","1182":"s","1183":"-","1184":"c","1185":"e","1186":"n","1187":"t","1188":"e","1189":"r","1190":" ","1191":"h","1192":"-","1193":"f","1194":"u","1195":"l","1196":"l","1197":" ","1198":"t","1199":"e","1200":"x","1201":"t","1202":"-","1203":"x","1204":"l","1205":"\\","1206":"\"","1207":">","1208":"{","1209":"{","1210":"\\","1211":"r","1212":"\\","1213":"n","1214":" ","1215":" ","1216":" ","1217":" ","1218":" ","1219":" ","1220":" ","1221":" ","1222":" ","1223":" ","1224":"c","1225":"o","1226":"m","1227":"p","1228":"a","1229":"n","1230":"y","1231":"\\","1232":"r","1233":"\\","1234":"n","1235":" ","1236":" ","1237":" ","1238":" ","1239":" ","1240":" ","1241":" ","1242":" ","1243":"}","1244":"}","1245":"<","1246":"/","1247":"a","1248":">","1249":"\\","1250":"r","1251":"\\","1252":"n","1253":" ","1254":" ","1255":" ","1256":" ","1257":" ","1258":" ","1259":" ","1260":" ","1261":"<","1262":"n","1263":"a","1264":"v","1265":" ","1266":"c","1267":"l","1268":"a","1269":"s","1270":"s","1271":"=","1272":"\\","1273":"\"","1274":"h","1275":"-","1276":"f","1277":"u","1278":"l","1279":"l","1280":" ","1281":"m","1282":"l","1283":"-","1284":"1","1285":"2","1286":"\\","1287":"\"","1288":">","1289":"\\","1290":"r","1291":"\\","1292":"n","1293":" ","1294":" ","1295":" ","1296":" ","1297":" ","1298":" ","1299":" ","1300":" ","1301":" ","1302":" ","1303":"<","1304":"u","1305":"l","1306":" ","1307":"c","1308":"l","1309":"a","1310":"s","1311":"s","1312":"=","1313":"\\","1314":"\"","1315":"f","1316":"l","1317":"e","1318":"x","1319":" ","1320":"h","1321":"-","1322":"f","1323":"u","1324":"l","1325":"l","1326":" ","1327":"p","1328":"-","1329":"0","1330":" ","1331":"m","1332":"-","1333":"0","1334":" ","1335":"l","1336":"i","1337":"s","1338":"t","1339":"-","1340":"n","1341":"o","1342":"n","1343":"e","1344":"\\","1345":"\"","1346":">","1347":"\\","1348":"r","1349":"\\","1350":"n","1351":" ","1352":" ","1353":" ","1354":" ","1355":" ","1356":" ","1357":" ","1358":" ","1359":" ","1360":" ","1361":" ","1362":" ","1363":"<","1364":"l","1365":"i","1366":"\\","1367":"r","1368":"\\","1369":"n","1370":" ","1371":" ","1372":" ","1373":" ","1374":" ","1375":" ","1376":" ","1377":" ","1378":" ","1379":" ","1380":" ","1381":" ","1382":" ","1383":" ","1384":"v","1385":"-","1386":"f","1387":"o","1388":"r","1389":"=","1390":"\\","1391":"\"","1392":"m","1393":"e","1394":"n","1395":"u","1396":"I","1397":"t","1398":"e","1399":"m","1400":" ","1401":"i","1402":"n","1403":" ","1404":"m","1405":"e","1406":"n","1407":"u","1408":"I","1409":"t","1410":"e","1411":"m","1412":"s","1413":"\\","1414":"\"","1415":"\\","1416":"r","1417":"\\","1418":"n","1419":" ","1420":" ","1421":" ","1422":" ","1423":" ","1424":" ","1425":" ","1426":" ","1427":" ","1428":" ","1429":" ","1430":" ","1431":" ","1432":" ","1433":":","1434":"k","1435":"e","1436":"y","1437":"=","1438":"\\","1439":"\"","1440":"m","1441":"e","1442":"n","1443":"u","1444":"I","1445":"t","1446":"e","1447":"m","1448":"\\","1449":"\"","1450":"\\","1451":"r","1452":"\\","1453":"n","1454":" ","1455":" ","1456":" ","1457":" ","1458":" ","1459":" ","1460":" ","1461":" ","1462":" ","1463":" ","1464":" ","1465":" ","1466":" ","1467":" ","1468":"c","1469":"l","1470":"a","1471":"s","1472":"s","1473":"=","1474":"\\","1475":"\"","1476":"h","1477":"-","1478":"f","1479":"u","1480":"l","1481":"l","1482":" ","1483":"m","1484":"l","1485":"-","1486":"9","1487":" ","1488":"f","1489":"i","1490":"r","1491":"s","1492":"t","1493":":","1494":"m","1495":"l","1496":"-","1497":"0","1498":"\\","1499":"\"","1500":"\\","1501":"r","1502":"\\","1503":"n","1504":" ","1505":" ","1506":" ","1507":" ","1508":" ","1509":" ","1510":" ","1511":" ","1512":" ","1513":" ","1514":" ","1515":" ","1516":" ","1517":" ","1518":"d","1519":"a","1520":"t","1521":"a","1522":"-","1523":"t","1524":"e","1525":"s","1526":"t","1527":"=","1528":"\\","1529":"\"","1530":"m","1531":"a","1532":"i","1533":"n","1534":"-","1535":"n","1536":"a","1537":"v","1538":"-","1539":"l","1540":"i","1541":"s","1542":"t","1543":"-","1544":"i","1545":"t","1546":"e","1547":"m","1548":"\\","1549":"\"","1550":"\\","1551":"r","1552":"\\","1553":"n","1554":" ","1555":" ","1556":" ","1557":" ","1558":" ","1559":" ","1560":" ","1561":" ","1562":" ","1563":" ","1564":" ","1565":" ","1566":">","1567":"\\","1568":"r","1569":"\\","1570":"n","1571":" ","1572":" ","1573":" ","1574":" ","1575":" ","1576":" ","1577":" ","1578":" ","1579":" ","1580":" ","1581":" ","1582":" ","1583":" ","1584":" ","1585":"<","1586":"a","1587":" ","1588":"h","1589":"r","1590":"e","1591":"f","1592":"=","1593":"\\","1594":"\"","1595":"\\","1596":"\"","1597":" ","1598":"c","1599":"l","1600":"a","1601":"s","1602":"s","1603":"=","1604":"\\","1605":"\"","1606":"f","1607":"l","1608":"e","1609":"x","1610":" ","1611":"i","1612":"t","1613":"e","1614":"m","1615":"s","1616":"-","1617":"c","1618":"e","1619":"n","1620":"t","1621":"e","1622":"r","1623":" ","1624":"h","1625":"-","1626":"f","1627":"u","1628":"l","1629":"l","1630":" ","1631":"p","1632":"y","1633":"-","1634":"2","1635":".","1636":"5","1637":"\\","1638":"\"","1639":">","1640":"{","1641":"{","1642":"\\","1643":"r","1644":"\\","1645":"n","1646":" ","1647":" ","1648":" ","1649":" ","1650":" ","1651":" ","1652":" ","1653":" ","1654":" ","1655":" ","1656":" ","1657":" ","1658":" ","1659":" ","1660":" ","1661":" ","1662":"m","1663":"e","1664":"n","1665":"u","1666":"I","1667":"t","1668":"e","1669":"m","1670":"\\","1671":"r","1672":"\\","1673":"n","1674":" ","1675":" ","1676":" ","1677":" ","1678":" ","1679":" ","1680":" ","1681":" ","1682":" ","1683":" ","1684":" ","1685":" ","1686":" ","1687":" ","1688":"}","1689":"}","1690":"<","1691":"/","1692":"a","1693":">","1694":"\\","1695":"r","1696":"\\","1697":"n","1698":" ","1699":" ","1700":" ","1701":" ","1702":" ","1703":" ","1704":" ","1705":" ","1706":" ","1707":" ","1708":" ","1709":" ","1710":"<","1711":"/","1712":"l","1713":"i","1714":">","1715":"\\","1716":"r","1717":"\\","1718":"n","1719":" ","1720":" ","1721":" ","1722":" ","1723":" ","1724":" ","1725":" ","1726":" ","1727":" ","1728":" ","1729":"<","1730":"/","1731":"u","1732":"l","1733":">","1734":"\\","1735":"r","1736":"\\","1737":"n","1738":" ","1739":" ","1740":" ","1741":" ","1742":" ","1743":" ","1744":" ","1745":" ","1746":"<","1747":"/","1748":"n","1749":"a","1750":"v","1751":">","1752":"\\","1753":"r","1754":"\\","1755":"n","1756":" ","1757":" ","1758":" ","1759":" ","1760":" ","1761":" ","1762":" ","1763":" ","1764":"<","1765":"d","1766":"i","1767":"v","1768":" ","1769":"c","1770":"l","1771":"a","1772":"s","1773":"s","1774":"=","1775":"\\","1776":"\"","1777":"f","1778":"l","1779":"e","1780":"x","1781":" ","1782":"i","1783":"t","1784":"e","1785":"m","1786":"s","1787":"-","1788":"c","1789":"e","1790":"n","1791":"t","1792":"e","1793":"r","1794":" ","1795":"m","1796":"l","1797":"-","1798":"a","1799":"u","1800":"t","1801":"o","1802":" ","1803":"h","1804":"-","1805":"f","1806":"u","1807":"l","1808":"l","1809":"\\","1810":"\"","1811":">","1812":"\\","1813":"r","1814":"\\","1815":"n","1816":" ","1817":" ","1818":" ","1819":" ","1820":" ","1821":" ","1822":" ","1823":" ","1824":" ","1825":" ","1826":"<","1827":"P","1828":"r","1829":"o","1830":"f","1831":"i","1832":"l","1833":"e","1834":"I","1835":"m","1836":"a","1837":"g","1838":"e","1839":" ","1840":"v","1841":"-","1842":"i","1843":"f","1844":"=","1845":"\\","1846":"\"","1847":"i","1848":"s","1849":"L","1850":"o","1851":"g","1852":"g","1853":"e","1854":"d","1855":"I","1856":"n","1857":"\\","1858":"\"","1859":" ","1860":"d","1861":"a","1862":"t","1863":"a","1864":"-","1865":"t","1866":"e","1867":"s","1868":"t","1869":"=","1870":"\\","1871":"\"","1872":"p","1873":"r","1874":"o","1875":"f","1876":"i","1877":"l","1878":"e","1879":"-","1880":"i","1881":"m","1882":"a","1883":"g","1884":"e","1885":"\\","1886":"\"","1887":" ","1888":"/","1889":">","1890":"\\","1891":"r","1892":"\\","1893":"n","1894":" ","1895":" ","1896":" ","1897":" ","1898":" ","1899":" ","1900":" ","1901":" ","1902":" ","1903":" ","1904":"<","1905":"a","1906":"c","1907":"t","1908":"i","1909":"o","1910":"n","1911":"-","1912":"b","1913":"u","1914":"t","1915":"t","1916":"o","1917":"n","1918":"\\","1919":"r","1920":"\\","1921":"n","1922":" ","1923":" ","1924":" ","1925":" ","1926":" ","1927":" ","1928":" ","1929":" ","1930":" ","1931":" ","1932":" ","1933":" ","1934":"v","1935":"-","1936":"e","1937":"l","1938":"s","1939":"e","1940":"\\","1941":"r","1942":"\\","1943":"n","1944":" ","1945":" ","1946":" ","1947":" ","1948":" ","1949":" ","1950":" ","1951":" ","1952":" ","1953":" ","1954":" ","1955":" ","1956":"t","1957":"e","1958":"x","1959":"t","1960":"=","1961":"\\","1962":"\"","1963":"S","1964":"i","1965":"g","1966":"n","1967":" ","1968":"i","1969":"n","1970":"\\","1971":"\"","1972":"\\","1973":"r","1974":"\\","1975":"n","1976":" ","1977":" ","1978":" ","1979":" ","1980":" ","1981":" ","1982":" ","1983":" ","1984":" ","1985":" ","1986":" ","1987":" ","1988":"t","1989":"y","1990":"p","1991":"e","1992":"=","1993":"\\","1994":"\"","1995":"p","1996":"r","1997":"i","1998":"m","1999":"a","2000":"r","2001":"y","2002":"\\","2003":"\"","2004":"\\","2005":"r","2006":"\\","2007":"n","2008":" ","2009":" ","2010":" ","2011":" ","2012":" ","2013":" ","2014":" ","2015":" ","2016":" ","2017":" ","2018":" ","2019":" ","2020":"d","2021":"a","2022":"t","2023":"a","2024":"-","2025":"t","2026":"e","2027":"s","2028":"t","2029":"=","2030":"\\","2031":"\"","2032":"l","2033":"o","2034":"g","2035":"i","2036":"n","2037":"-","2038":"b","2039":"u","2040":"t","2041":"t","2042":"o","2043":"n","2044":"\\","2045":"\"","2046":"\\","2047":"r","2048":"\\","2049":"n","2050":" ","2051":" ","2052":" ","2053":" ","2054":" ","2055":" ","2056":" ","2057":" ","2058":" ","2059":" ","2060":" ","2061":" ","2062":"@","2063":"c","2064":"l","2065":"i","2066":"c","2067":"k","2068":"=","2069":"\\","2070":"\"","2071":"l","2072":"o","2073":"g","2074":"i","2075":"n","2076":"U","2077":"s","2078":"e","2079":"r","2080":"\\","2081":"\"","2082":"\\","2083":"r","2084":"\\","2085":"n","2086":" ","2087":" ","2088":" ","2089":" ","2090":" ","2091":" ","2092":" ","2093":" ","2094":" ","2095":" ","2096":"/","2097":">","2098":"\\","2099":"r","2100":"\\","2101":"n","2102":" ","2103":" ","2104":" ","2105":" ","2106":" ","2107":" ","2108":" ","2109":" ","2110":"<","2111":"/","2112":"d","2113":"i","2114":"v","2115":">","2116":"\\","2117":"r","2118":"\\","2119":"n","2120":" ","2121":" ","2122":" ","2123":" ","2124":" ","2125":" ","2126":"<","2127":"/","2128":"d","2129":"i","2130":"v","2131":">","2132":"\\","2133":"r","2134":"\\","2135":"n","2136":" ","2137":" ","2138":" ","2139":" ","2140":" ","2141":" ","2142":"<","2143":"S","2144":"u","2145":"b","2146":"n","2147":"a","2148":"v","2149":" ","2150":"v","2151":"-","2152":"i","2153":"f","2154":"=","2155":"\\","2156":"\"","2157":"i","2158":"s","2159":"L","2160":"o","2161":"g","2162":"g","2163":"e","2164":"d","2165":"I","2166":"n","2167":"\\","2168":"\"","2169":" ","2170":"d","2171":"a","2172":"t","2173":"a","2174":"-","2175":"t","2176":"e","2177":"s","2178":"t","2179":"=","2180":"\\","2181":"\"","2182":"s","2183":"u","2184":"b","2185":"n","2186":"a","2187":"v","2188":"\\","2189":"\"","2190":" ","2191":"/","2192":">","2193":"\\","2194":"r","2195":"\\","2196":"n","2197":" ","2198":" ","2199":" ","2200":" ","2201":"<","2202":"/","2203":"d","2204":"i","2205":"v","2206":">","2207":"\\","2208":"r","2209":"\\","2210":"n","2211":" ","2212":" ","2213":"<","2214":"/","2215":"h","2216":"e","2217":"a","2218":"d","2219":"e","2220":"r","2221":">","2222":"\\","2223":"r","2224":"\\","2225":"n","2226":"<","2227":"/","2228":"t","2229":"e","2230":"m","2231":"p","2232":"l","2233":"a","2234":"t","2235":"e","2236":">","2237":"\\","2238":"r","2239":"\\","2240":"n","2241":"\\","2242":"r","2243":"\\","2244":"n","2245":"<","2246":"s","2247":"c","2248":"r","2249":"i","2250":"p","2251":"t","2252":">","2253":"\\","2254":"r","2255":"\\","2256":"n","2257":"i","2258":"m","2259":"p","2260":"o","2261":"r","2262":"t","2263":" ","2264":"A","2265":"c","2266":"t","2267":"i","2268":"o","2269":"n","2270":"B","2271":"u","2272":"t","2273":"t","2274":"o","2275":"n","2276":" ","2277":"f","2278":"r","2279":"o","2280":"m","2281":" ","2282":"\\","2283":"\"","2284":"@","2285":"/","2286":"c","2287":"o","2288":"m","2289":"p","2290":"o","2291":"n","2292":"e","2293":"n","2294":"t","2295":"s","2296":"/","2297":"S","2298":"h","2299":"a","2300":"r","2301":"e","2302":"d","2303":"/","2304":"A","2305":"c","2306":"t","2307":"i","2308":"o","2309":"n","2310":"B","2311":"u","2312":"t","2313":"t","2314":"o","2315":"n","2316":".","2317":"v","2318":"u","2319":"e","2320":"\\","2321":"\"","2322":";","2323":"\\","2324":"r","2325":"\\","2326":"n","2327":"i","2328":"m","2329":"p","2330":"o","2331":"r","2332":"t","2333":" ","2334":"P","2335":"r","2336":"o","2337":"f","2338":"i","2339":"l","2340":"e","2341":"I","2342":"m","2343":"a","2344":"g","2345":"e","2346":" ","2347":"f","2348":"r","2349":"o","2350":"m","2351":" ","2352":"\\","2353":"\"","2354":"@","2355":"/","2356":"c","2357":"o","2358":"m","2359":"p","2360":"o","2361":"n","2362":"e","2363":"n","2364":"t","2365":"s","2366":"/","2367":"N","2368":"a","2369":"v","2370":"i","2371":"g","2372":"a","2373":"t","2374":"i","2375":"o","2376":"n","2377":"/","2378":"P","2379":"r","2380":"o","2381":"f","2382":"i","2383":"l","2384":"e","2385":"I","2386":"m","2387":"a","2388":"g","2389":"e","2390":".","2391":"v","2392":"u","2393":"e","2394":"\\","2395":"\"","2396":";","2397":"\\","2398":"r","2399":"\\","2400":"n","2401":"i","2402":"m","2403":"p","2404":"o","2405":"r","2406":"t","2407":" ","2408":"S","2409":"u","2410":"b","2411":"n","2412":"a","2413":"v","2414":" ","2415":"f","2416":"r","2417":"o","2418":"m","2419":" ","2420":"\\","2421":"\"","2422":"@","2423":"/","2424":"c","2425":"o","2426":"m","2427":"p","2428":"o","2429":"n","2430":"e","2431":"n","2432":"t","2433":"s","2434":"/","2435":"N","2436":"a","2437":"v","2438":"i","2439":"g","2440":"a","2441":"t","2442":"i","2443":"o","2444":"n","2445":"/","2446":"S","2447":"u","2448":"b","2449":"n","2450":"a","2451":"v","2452":".","2453":"v","2454":"u","2455":"e","2456":"\\","2457":"\"","2458":";","2459":"\\","2460":"r","2461":"\\","2462":"n","2463":"e","2464":"x","2465":"p","2466":"o","2467":"r","2468":"t","2469":" ","2470":"d","2471":"e","2472":"f","2473":"a","2474":"u","2475":"l","2476":"t","2477":" ","2478":"{","2479":"\\","2480":"r","2481":"\\","2482":"n","2483":" ","2484":" ","2485":"n","2486":"a","2487":"m","2488":"e","2489":":","2490":" ","2491":"\\","2492":"\"","2493":"M","2494":"a","2495":"i","2496":"n","2497":"N","2498":"a","2499":"v","2500":"\\","2501":"\"","2502":",","2503":"\\","2504":"r","2505":"\\","2506":"n","2507":" ","2508":" ","2509":"c","2510":"o","2511":"m","2512":"p","2513":"o","2514":"n","2515":"e","2516":"n","2517":"t","2518":"s","2519":":","2520":" ","2521":"{","2522":"\\","2523":"r","2524":"\\","2525":"n","2526":" ","2527":" ","2528":" ","2529":" ","2530":"A","2531":"c","2532":"t","2533":"i","2534":"o","2535":"n","2536":"B","2537":"u","2538":"t","2539":"t","2540":"o","2541":"n","2542":",","2543":"\\","2544":"r","2545":"\\","2546":"n","2547":" ","2548":" ","2549":" ","2550":" ","2551":"P","2552":"r","2553":"o","2554":"f","2555":"i","2556":"l","2557":"e","2558":"I","2559":"m","2560":"a","2561":"g","2562":"e","2563":",","2564":"\\","2565":"r","2566":"\\","2567":"n","2568":" ","2569":" ","2570":" ","2571":" ","2572":"S","2573":"u","2574":"b","2575":"n","2576":"a","2577":"v","2578":",","2579":"\\","2580":"r","2581":"\\","2582":"n","2583":" ","2584":" ","2585":"}","2586":",","2587":"\\","2588":"r","2589":"\\","2590":"n","2591":" ","2592":" ","2593":"d","2594":"a","2595":"t","2596":"a","2597":"(","2598":")","2599":" ","2600":"{","2601":"\\","2602":"r","2603":"\\","2604":"n","2605":" ","2606":" ","2607":" ","2608":" ","2609":"r","2610":"e","2611":"t","2612":"u","2613":"r","2614":"n","2615":" ","2616":"{","2617":"\\","2618":"r","2619":"\\","2620":"n","2621":" ","2622":" ","2623":" ","2624":" ","2625":" ","2626":" ","2627":"c","2628":"o","2629":"m","2630":"p","2631":"a","2632":"n","2633":"y","2634":":","2635":" ","2636":"\\","2637":"\"","2638":"B","2639":"r","2640":"i","2641":"g","2642":"h","2643":"t","2644":" ","2645":"C","2646":"a","2647":"r","2648":"e","2649":"e","2650":"r","2651":"\\","2652":"\"","2653":",","2654":"\\","2655":"r","2656":"\\","2657":"n","2658":" ","2659":" ","2660":" ","2661":" ","2662":" ","2663":" ","2664":"u","2665":"r","2666":"l","2667":":","2668":" ","2669":"\\","2670":"\"","2671":"h","2672":"t","2673":"t","2674":"p","2675":"s","2676":":","2677":"/","2678":"/","2679":"w","2680":"w","2681":"w","2682":".","2683":"g","2684":"o","2685":"o","2686":"g","2687":"l","2688":"e","2689":".","2690":"c","2691":"o","2692":"m","2693":"\\","2694":"\"","2695":",","2696":"\\","2697":"r","2698":"\\","2699":"n","2700":" ","2701":" ","2702":" ","2703":" ","2704":" ","2705":" ","2706":"m","2707":"e","2708":"n","2709":"u","2710":"I","2711":"t","2712":"e","2713":"m","2714":"s","2715":":","2716":" ","2717":"[","2718":"\\","2719":"r","2720":"\\","2721":"n","2722":" ","2723":" ","2724":" ","2725":" ","2726":" ","2727":" ","2728":" ","2729":" ","2730":"\\","2731":"\"","2732":"T","2733":"e","2734":"a","2735":"m","2736":"s","2737":"\\","2738":"\"","2739":",","2740":"\\","2741":"r","2742":"\\","2743":"n","2744":" ","2745":" ","2746":" ","2747":" ","2748":" ","2749":" ","2750":" ","2751":" ","2752":"\\","2753":"\"","2754":"L","2755":"o","2756":"c","2757":"a","2758":"t","2759":"i","2760":"o","2761":"n","2762":"s","2763":"\\","2764":"\"","2765":",","2766":"\\","2767":"r","2768":"\\","2769":"n","2770":" ","2771":" ","2772":" ","2773":" ","2774":" ","2775":" ","2776":" ","2777":" ","2778":"\\","2779":"\"","2780":"L","2781":"i","2782":"f","2783":"e","2784":" ","2785":"a","2786":"t","2787":" ","2788":"B","2789":"r","2790":"i","2791":"g","2792":"h","2793":"t","2794":"\\","2795":"\"","2796":",","2797":"\\","2798":"r","2799":"\\","2800":"n","2801":" ","2802":" ","2803":" ","2804":" ","2805":" ","2806":" ","2807":" ","2808":" ","2809":"\\","2810":"\"","2811":"H","2812":"o","2813":"w","2814":" ","2815":"w","2816":"e","2817":" ","2818":"h","2819":"i","2820":"r","2821":"e","2822":"\\","2823":"\"","2824":",","2825":"\\","2826":"r","2827":"\\","2828":"n","2829":" ","2830":" ","2831":" ","2832":" ","2833":" ","2834":" ","2835":" ","2836":" ","2837":"\\","2838":"\"","2839":"S","2840":"t","2841":"u","2842":"d","2843":"e","2844":"n","2845":"t","2846":"s","2847":"\\","2848":"\"","2849":",","2850":"\\","2851":"r","2852":"\\","2853":"n","2854":" ","2855":" ","2856":" ","2857":" ","2858":" ","2859":" ","2860":" ","2861":" ","2862":"\\","2863":"\"","2864":"J","2865":"o","2866":"b","2867":"s","2868":"\\","2869":"\"","2870":",","2871":"\\","2872":"r","2873":"\\","2874":"n","2875":" ","2876":" ","2877":" ","2878":" ","2879":" ","2880":" ","2881":"]","2882":",","2883":"\\","2884":"r","2885":"\\","2886":"n","2887":" ","2888":" ","2889":" ","2890":" ","2891":" ","2892":" ","2893":"i","2894":"s","2895":"L","2896":"o","2897":"g","2898":"g","2899":"e","2900":"d","2901":"I","2902":"n","2903":":","2904":" ","2905":"f","2906":"a","2907":"l","2908":"s","2909":"e","2910":",","2911":"\\","2912":"r","2913":"\\","2914":"n","2915":" ","2916":" ","2917":" ","2918":" ","2919":"}","2920":";","2921":"\\","2922":"r","2923":"\\","2924":"n","2925":" ","2926":" ","2927":"}","2928":",","2929":"\\","2930":"r","2931":"\\","2932":"n","2933":" ","2934":" ","2935":"c","2936":"o","2937":"m","2938":"p","2939":"u","2940":"t","2941":"e","2942":"d","2943":":","2944":" ","2945":"{","2946":"\\","2947":"r","2948":"\\","2949":"n","2950":" ","2951":" ","2952":" ","2953":" ","2954":"h","2955":"e","2956":"a","2957":"d","2958":"e","2959":"r","2960":"H","2961":"e","2962":"i","2963":"g","2964":"h","2965":"t","2966":"C","2967":"l","2968":"a","2969":"s","2970":"s","2971":"(","2972":")","2973":" ","2974":"{","2975":"\\","2976":"r","2977":"\\","2978":"n","2979":" ","2980":" ","2981":" ","2982":" ","2983":" ","2984":" ","2985":"r","2986":"e","2987":"t","2988":"u","2989":"r","2990":"n","2991":" ","2992":"{","2993":"\\","2994":"r","2995":"\\","2996":"n","2997":" ","2998":" ","2999":" ","3000":" ","3001":" ","3002":" ","3003":" ","3004":" ","3005":"\\","3006":"\"","3007":"h","3008":"-","3009":"1","3010":"6","3011":"\\","3012":"\"","3013":":","3014":" ","3015":"!","3016":"t","3017":"h","3018":"i","3019":"s","3020":".","3021":"i","3022":"s","3023":"L","3024":"o","3025":"g","3026":"g","3027":"e","3028":"d","3029":"I","3030":"n","3031":",","3032":"\\","3033":"r","3034":"\\","3035":"n","3036":" ","3037":" ","3038":" ","3039":" ","3040":" ","3041":" ","3042":" ","3043":" ","3044":"\\","3045":"\"","3046":"h","3047":"-","3048":"3","3049":"2","3050":"\\","3051":"\"","3052":":","3053":" ","3054":"t","3055":"h","3056":"i","3057":"s","3058":".","3059":"i","3060":"s","3061":"L","3062":"o","3063":"g","3064":"g","3065":"e","3066":"d","3067":"I","3068":"n","3069":",","3070":"\\","3071":"r","3072":"\\","3073":"n","3074":" ","3075":" ","3076":" ","3077":" ","3078":" ","3079":" ","3080":"}","3081":";","3082":"\\","3083":"r","3084":"\\","3085":"n","3086":" ","3087":" ","3088":" ","3089":" ","3090":"}","3091":",","3092":"\\","3093":"r","3094":"\\","3095":"n","3096":" ","3097":" ","3098":"}","3099":",","3100":"\\","3101":"r","3102":"\\","3103":"n","3104":" ","3105":" ","3106":"m","3107":"e","3108":"t","3109":"h","3110":"o","3111":"d","3112":"s","3113":":","3114":" ","3115":"{","3116":"\\","3117":"r","3118":"\\","3119":"n","3120":" ","3121":" ","3122":" ","3123":" ","3124":"l","3125":"o","3126":"g","3127":"i","3128":"n","3129":"U","3130":"s","3131":"e","3132":"r","3133":"(","3134":")","3135":" ","3136":"{","3137":"\\","3138":"r","3139":"\\","3140":"n","3141":" ","3142":" ","3143":" ","3144":" ","3145":" ","3146":" ","3147":"t","3148":"h","3149":"i","3150":"s","3151":".","3152":"i","3153":"s","3154":"L","3155":"o","3156":"g","3157":"g","3158":"e","3159":"d","3160":"I","3161":"n","3162":" ","3163":"=","3164":" ","3165":"t","3166":"r","3167":"u","3168":"e","3169":";","3170":"\\","3171":"r","3172":"\\","3173":"n","3174":" ","3175":" ","3176":" ","3177":" ","3178":"}","3179":",","3180":"\\","3181":"r","3182":"\\","3183":"n","3184":" ","3185":" ","3186":"}","3187":",","3188":"\\","3189":"r","3190":"\\","3191":"n","3192":"}","3193":";","3194":"\\","3195":"r","3196":"\\","3197":"n","3198":"<","3199":"/","3200":"s","3201":"c","3202":"r","3203":"i","3204":"p","3205":"t","3206":">","3207":"\\","3208":"r","3209":"\\","3210":"n","3211":"\"","3212":"]","3213":"}"},"_coverageSchema":"1a1c01bbd47fc00a2c39e90264f33305004495a9","hash":"bf0d18799b54174d6a9079103db2fe652ff777de"}
,"C:\\Users\\91738\\Desktop\\git\\job-search\\src\\components\\Navigation\\ProfileImage.vue": {"path":"C:\\Users\\91738\\Desktop\\git\\job-search\\src\\components\\Navigation\\ProfileImage.vue","statementMap":{"0":{"start":{"line":4,"column":0},"end":{"line":6,"column":3}},"1":{"start":{"line":7,"column":0},"end":{"line":7,"column":25}},"2":{"start":{"line":8,"column":15},"end":{"line":15,"column":1}},"3":{"start":{"line":11,"column":4},"end":{"line":13,"column":6}},"4":{"start":{"line":18,"column":0},"end":{"line":18,"column":13}},"5":{"start":{"line":20,"column":0},"end":{"line":22,"column":3}},"6":{"start":{"line":23,"column":0},"end":{"line":23,"column":24}},"7":{"start":{"line":24,"column":11},"end":{"line":24,"column":25}},"8":{"start":{"line":25,"column":19},"end":{"line":25,"column":26}},"9":{"start":{"line":27,"column":2},"end":{"line":30,"column":38}},"10":{"start":{"line":31,"column":2},"end":{"line":31,"column":49}}},"fnMap":{"0":{"name":"(anonymous_0)","decl":{"start":{"line":10,"column":2},"end":{"line":10,"column":3}},"loc":{"start":{"line":10,"column":9},"end":{"line":14,"column":3}},"line":10},"1":{"name":"render","decl":{"start":{"line":26,"column":9},"end":{"line":26,"column":15}},"loc":{"start":{"line":26,"column":30},"end":{"line":31,"column":1}},"line":26}},"branchMap":{},"s":{"0":2,"1":2,"2":2,"3":1,"4":2,"5":2,"6":2,"7":2,"8":2,"9":1,"10":2},"f":{"0":1,"1":1},"b":{},"inputSourceMap":{"0":"{","1":"\"","2":"v","3":"e","4":"r","5":"s","6":"i","7":"o","8":"n","9":"\"","10":":","11":"3","12":",","13":"\"","14":"s","15":"o","16":"u","17":"r","18":"c","19":"e","20":"s","21":"\"","22":":","23":"[","24":"\"","25":"C","26":":","27":"\\","28":"\\","29":"U","30":"s","31":"e","32":"r","33":"s","34":"\\","35":"\\","36":"9","37":"1","38":"7","39":"3","40":"8","41":"\\","42":"\\","43":"D","44":"e","45":"s","46":"k","47":"t","48":"o","49":"p","50":"\\","51":"\\","52":"g","53":"i","54":"t","55":"\\","56":"\\","57":"j","58":"o","59":"b","60":"-","61":"s","62":"e","63":"a","64":"r","65":"c","66":"h","67":"\\","68":"\\","69":"s","70":"r","71":"c","72":"\\","73":"\\","74":"c","75":"o","76":"m","77":"p","78":"o","79":"n","80":"e","81":"n","82":"t","83":"s","84":"\\","85":"\\","86":"N","87":"a","88":"v","89":"i","90":"g","91":"a","92":"t","93":"i","94":"o","95":"n","96":"\\","97":"\\","98":"P","99":"r","100":"o","101":"f","102":"i","103":"l","104":"e","105":"I","106":"m","107":"a","108":"g","109":"e","110":".","111":"v","112":"u","113":"e","114":"\"","115":"]","116":",","117":"\"","118":"n","119":"a","120":"m","121":"e","122":"s","123":"\"","124":":","125":"[","126":"]","127":",","128":"\"","129":"m","130":"a","131":"p","132":"p","133":"i","134":"n","135":"g","136":"s","137":"\"","138":":","139":"\"","140":";","141":";","142":";","143":";","144":";","145":";","146":";","147":"e","148":"A","149":"K","150":"e","151":";","152":"E","153":"A","154":"C","155":"b","156":",","157":"I","158":"A","159":"A","160":"I","161":",","162":"E","163":"A","164":"A","165":"E","166":",","167":"c","168":"A","169":"A","170":"c","171":";","172":"E","173":"A","174":"C","175":"p","176":"B","177":",","178":"I","179":"A","180":"A","181":"I","182":",","183":"G","184":"A","185":"A","186":"G","187":";","188":"I","189":"A","190":"C","191":"L","192":",","193":"O","194":"A","195":"A","196":"O","197":";","198":"M","199":"A","200":"C","201":"L","202":",","203":"S","204":"A","205":"A","206":"S","207":",","208":"E","209":"A","210":"C","211":"P","212":";","213":"I","214":"A","215":"C","216":"J","217":",","218":"C","219":"A","220":"A","221":"C","222":";","223":"E","224":"A","225":"C","226":"H","227":";","228":"A","229":"A","230":"C","231":"F","232":",","233":"C","234":"A","235":"A","236":"C","237":";","238":"A","239":"A","240":"A","241":"A","242":";","243":"A","244":"A","245":"A","246":"A","247":"\"","248":",","249":"\"","250":"f","251":"i","252":"l","253":"e","254":"\"","255":":","256":"\"","257":"C","258":":","259":"\\","260":"\\","261":"U","262":"s","263":"e","264":"r","265":"s","266":"\\","267":"\\","268":"9","269":"1","270":"7","271":"3","272":"8","273":"\\","274":"\\","275":"D","276":"e","277":"s","278":"k","279":"t","280":"o","281":"p","282":"\\","283":"\\","284":"g","285":"i","286":"t","287":"\\","288":"\\","289":"j","290":"o","291":"b","292":"-","293":"s","294":"e","295":"a","296":"r","297":"c","298":"h","299":"\\","300":"\\","301":"s","302":"r","303":"c","304":"\\","305":"\\","306":"c","307":"o","308":"m","309":"p","310":"o","311":"n","312":"e","313":"n","314":"t","315":"s","316":"\\","317":"\\","318":"N","319":"a","320":"v","321":"i","322":"g","323":"a","324":"t","325":"i","326":"o","327":"n","328":"\\","329":"\\","330":"P","331":"r","332":"o","333":"f","334":"i","335":"l","336":"e","337":"I","338":"m","339":"a","340":"g","341":"e","342":".","343":"v","344":"u","345":"e","346":"\"","347":",","348":"\"","349":"s","350":"o","351":"u","352":"r","353":"c","354":"e","355":"s","356":"C","357":"o","358":"n","359":"t","360":"e","361":"n","362":"t","363":"\"","364":":","365":"[","366":"\"","367":"<","368":"t","369":"e","370":"m","371":"p","372":"l","373":"a","374":"t","375":"e","376":">","377":"\\","378":"r","379":"\\","380":"n","381":" ","382":" ","383":"<","384":"i","385":"m","386":"g","387":" ","388":":","389":"s","390":"r","391":"c","392":"=","393":"\\","394":"\"","395":"i","396":"m","397":"a","398":"g","399":"e","400":"L","401":"i","402":"n","403":"k","404":"\\","405":"\"","406":" ","407":"c","408":"l","409":"a","410":"s","411":"s","412":"=","413":"\\","414":"\"","415":"w","416":"-","417":"8","418":" ","419":"h","420":"-","421":"8","422":" ","423":"o","424":"b","425":"j","426":"e","427":"c","428":"t","429":"-","430":"c","431":"o","432":"n","433":"t","434":"a","435":"i","436":"n","437":" ","438":"r","439":"o","440":"u","441":"n","442":"d","443":"e","444":"d","445":"-","446":"3","447":"p","448":"x","449":"\\","450":"\"","451":" ","452":"/","453":">","454":"\\","455":"r","456":"\\","457":"n","458":"<","459":"/","460":"t","461":"e","462":"m","463":"p","464":"l","465":"a","466":"t","467":"e","468":">","469":"\\","470":"r","471":"\\","472":"n","473":"\\","474":"r","475":"\\","476":"n","477":"<","478":"s","479":"c","480":"r","481":"i","482":"p","483":"t","484":">","485":"\\","486":"r","487":"\\","488":"n","489":"e","490":"x","491":"p","492":"o","493":"r","494":"t","495":" ","496":"d","497":"e","498":"f","499":"a","500":"u","501":"l","502":"t","503":" ","504":"{","505":"\\","506":"r","507":"\\","508":"n","509":" ","510":" ","511":"n","512":"a","513":"m","514":"e","515":":","516":" ","517":"\\","518":"\"","519":"P","520":"r","521":"o","522":"f","523":"i","524":"l","525":"e","526":"I","527":"m","528":"a","529":"g","530":"e","531":"\\","532":"\"","533":",","534":"\\","535":"r","536":"\\","537":"n","538":" ","539":" ","540":"d","541":"a","542":"t","543":"a","544":"(","545":")","546":" ","547":"{","548":"\\","549":"r","550":"\\","551":"n","552":" ","553":" ","554":" ","555":" ","556":"r","557":"e","558":"t","559":"u","560":"r","561":"n","562":" ","563":"{","564":"\\","565":"r","566":"\\","567":"n","568":" ","569":" ","570":" ","571":" ","572":" ","573":" ","574":"i","575":"m","576":"a","577":"g","578":"e","579":"L","580":"i","581":"n","582":"k","583":":","584":"\\","585":"r","586":"\\","587":"n","588":" ","589":" ","590":" ","591":" ","592":" ","593":" ","594":" ","595":" ","596":"\\","597":"\"","598":"h","599":"t","600":"t","601":"p","602":"s","603":":","604":"/","605":"/","606":"w","607":"w","608":"w","609":".","610":"p","611":"n","612":"g","613":"i","614":"t","615":"e","616":"m","617":".","618":"c","619":"o","620":"m","621":"/","622":"p","623":"i","624":"m","625":"g","626":"s","627":"/","628":"m","629":"/","630":"4","631":"8","632":"7","633":"-","634":"4","635":"8","636":"7","637":"6","638":"4","639":"1","640":"7","641":"_","642":"l","643":"i","644":"n","645":"k","646":"-","647":"h","648":"e","649":"a","650":"d","651":"-","652":"p","653":"n","654":"g","655":"-","656":"t","657":"o","658":"o","659":"n","660":"-","661":"l","662":"i","663":"n","664":"k","665":"-","666":"f","667":"a","668":"c","669":"e","670":"-","671":"p","672":"n","673":"g","674":"-","675":"t","676":"r","677":"a","678":"n","679":"s","680":"p","681":"a","682":"r","683":"e","684":"n","685":"t","686":".","687":"p","688":"n","689":"g","690":"\\","691":"\"","692":",","693":"\\","694":"r","695":"\\","696":"n","697":" ","698":" ","699":" ","700":" ","701":"}","702":";","703":"\\","704":"r","705":"\\","706":"n","707":" ","708":" ","709":"}","710":",","711":"\\","712":"r","713":"\\","714":"n","715":"}","716":";","717":"\\","718":"r","719":"\\","720":"n","721":"<","722":"/","723":"s","724":"c","725":"r","726":"i","727":"p","728":"t","729":">","730":"\\","731":"r","732":"\\","733":"n","734":"\"","735":"]","736":"}"},"_coverageSchema":"1a1c01bbd47fc00a2c39e90264f33305004495a9","hash":"34e8d46d487d3004a0279a64ce08e6801c0aebc1"}
,"C:\\Users\\91738\\Desktop\\git\\job-search\\src\\components\\Navigation\\Subnav.vue": {"path":"C:\\Users\\91738\\Desktop\\git\\job-search\\src\\components\\Navigation\\Subnav.vue","statementMap":{"0":{"start":{"line":4,"column":0},"end":{"line":6,"column":3}},"1":{"start":{"line":7,"column":0},"end":{"line":7,"column":25}},"2":{"start":{"line":8,"column":15},"end":{"line":15,"column":1}},"3":{"start":{"line":11,"column":4},"end":{"line":13,"column":6}},"4":{"start":{"line":18,"column":0},"end":{"line":18,"column":13}},"5":{"start":{"line":20,"column":0},"end":{"line":22,"column":3}},"6":{"start":{"line":23,"column":0},"end":{"line":23,"column":24}},"7":{"start":{"line":24,"column":11},"end":{"line":24,"column":25}},"8":{"start":{"line":25,"column":19},"end":{"line":27,"column":1}},"9":{"start":{"line":28,"column":19},"end":{"line":32,"column":1}},"10":{"start":{"line":33,"column":32},"end":{"line":35,"column":87}},"11":{"start":{"line":38,"column":39},"end":{"line":38,"column":86}},"12":{"start":{"line":39,"column":2},"end":{"line":42,"column":67}},"13":{"start":{"line":43,"column":2},"end":{"line":43,"column":49}}},"fnMap":{"0":{"name":"(anonymous_0)","decl":{"start":{"line":10,"column":2},"end":{"line":10,"column":3}},"loc":{"start":{"line":10,"column":9},"end":{"line":14,"column":3}},"line":10},"1":{"name":"render","decl":{"start":{"line":37,"column":9},"end":{"line":37,"column":15}},"loc":{"start":{"line":37,"column":30},"end":{"line":43,"column":1}},"line":37}},"branchMap":{"0":{"loc":{"start":{"line":39,"column":81},"end":{"line":42,"column":64}},"type":"cond-expr","locations":[{"start":{"line":39,"column":106},"end":{"line":42,"column":18}},{"start":{"line":42,"column":22},"end":{"line":42,"column":64}}],"line":39}},"s":{"0":2,"1":2,"2":2,"3":2,"4":2,"5":2,"6":2,"7":2,"8":2,"9":2,"10":2,"11":2,"12":2,"13":2},"f":{"0":2,"1":2},"b":{"0":[1,1]},"inputSourceMap":{"0":"{","1":"\"","2":"v","3":"e","4":"r","5":"s","6":"i","7":"o","8":"n","9":"\"","10":":","11":"3","12":",","13":"\"","14":"s","15":"o","16":"u","17":"r","18":"c","19":"e","20":"s","21":"\"","22":":","23":"[","24":"\"","25":"C","26":":","27":"\\","28":"\\","29":"U","30":"s","31":"e","32":"r","33":"s","34":"\\","35":"\\","36":"9","37":"1","38":"7","39":"3","40":"8","41":"\\","42":"\\","43":"D","44":"e","45":"s","46":"k","47":"t","48":"o","49":"p","50":"\\","51":"\\","52":"g","53":"i","54":"t","55":"\\","56":"\\","57":"j","58":"o","59":"b","60":"-","61":"s","62":"e","63":"a","64":"r","65":"c","66":"h","67":"\\","68":"\\","69":"s","70":"r","71":"c","72":"\\","73":"\\","74":"c","75":"o","76":"m","77":"p","78":"o","79":"n","80":"e","81":"n","82":"t","83":"s","84":"\\","85":"\\","86":"N","87":"a","88":"v","89":"i","90":"g","91":"a","92":"t","93":"i","94":"o","95":"n","96":"\\","97":"\\","98":"S","99":"u","100":"b","101":"n","102":"a","103":"v","104":".","105":"v","106":"u","107":"e","108":"\"","109":"]","110":",","111":"\"","112":"n","113":"a","114":"m","115":"e","116":"s","117":"\"","118":":","119":"[","120":"]","121":",","122":"\"","123":"m","124":"a","125":"p","126":"p","127":"i","128":"n","129":"g","130":"s","131":"\"","132":":","133":"\"","134":";","135":";","136":";","137":";","138":";","139":";","140":";","141":"e","142":"A","143":"a","144":"e","145":";","146":"E","147":"A","148":"C","149":"b","150":",","151":"I","152":"A","153":"A","154":"I","155":",","156":"E","157":"A","158":"A","159":"E","160":",","161":"Q","162":"A","163":"A","164":"Q","165":";","166":"E","167":"A","168":"C","169":"d","170":",","171":"I","172":"A","173":"A","174":"I","175":",","176":"G","177":"A","178":"A","179":"G","180":";","181":"I","182":"A","183":"C","184":"L","185":",","186":"O","187":"A","188":"A","189":"O","190":";","191":"M","192":"A","193":"C","194":"L","195":",","196":"g","197":"B","198":"A","199":"A","200":"g","201":"B","202":",","203":"E","204":"A","205":"A","206":"E","207":";","208":"I","209":"A","210":"C","211":"p","212":"B","213":",","214":"C","215":"A","216":"A","217":"C","218":";","219":"E","220":"A","221":"C","222":"H","223":";","224":"A","225":"A","226":"C","227":"F","228":",","229":"C","230":"A","231":"A","232":"C","233":";","234":"A","235":"A","236":"A","237":"A","238":";","239":"A","240":"A","241":"A","242":"A","243":"\"","244":",","245":"\"","246":"f","247":"i","248":"l","249":"e","250":"\"","251":":","252":"\"","253":"C","254":":","255":"\\","256":"\\","257":"U","258":"s","259":"e","260":"r","261":"s","262":"\\","263":"\\","264":"9","265":"1","266":"7","267":"3","268":"8","269":"\\","270":"\\","271":"D","272":"e","273":"s","274":"k","275":"t","276":"o","277":"p","278":"\\","279":"\\","280":"g","281":"i","282":"t","283":"\\","284":"\\","285":"j","286":"o","287":"b","288":"-","289":"s","290":"e","291":"a","292":"r","293":"c","294":"h","295":"\\","296":"\\","297":"s","298":"r","299":"c","300":"\\","301":"\\","302":"c","303":"o","304":"m","305":"p","306":"o","307":"n","308":"e","309":"n","310":"t","311":"s","312":"\\","313":"\\","314":"N","315":"a","316":"v","317":"i","318":"g","319":"a","320":"t","321":"i","322":"o","323":"n","324":"\\","325":"\\","326":"S","327":"u","328":"b","329":"n","330":"a","331":"v","332":".","333":"v","334":"u","335":"e","336":"\"","337":",","338":"\"","339":"s","340":"o","341":"u","342":"r","343":"c","344":"e","345":"s","346":"C","347":"o","348":"n","349":"t","350":"e","351":"n","352":"t","353":"\"","354":":","355":"[","356":"\"","357":"<","358":"t","359":"e","360":"m","361":"p","362":"l","363":"a","364":"t","365":"e","366":">","367":"\\","368":"r","369":"\\","370":"n","371":" ","372":" ","373":"<","374":"d","375":"i","376":"v","377":" ","378":"c","379":"l","380":"a","381":"s","382":"s","383":"=","384":"\\","385":"\"","386":"w","387":"-","388":"f","389":"u","390":"l","391":"l","392":" ","393":"h","394":"-","395":"1","396":"6","397":" ","398":"b","399":"g","400":"-","401":"w","402":"h","403":"i","404":"t","405":"e","406":" ","407":"b","408":"o","409":"r","410":"d","411":"e","412":"r","413":"-","414":"b","415":" ","416":"b","417":"o","418":"r","419":"d","420":"e","421":"r","422":"-","423":"s","424":"o","425":"l","426":"i","427":"d","428":" ","429":"b","430":"o","431":"r","432":"d","433":"e","434":"r","435":"-","436":"b","437":"r","438":"a","439":"n","440":"d","441":"-","442":"g","443":"r","444":"a","445":"y","446":"-","447":"1","448":"\\","449":"\"","450":">","451":"\\","452":"r","453":"\\","454":"n","455":" ","456":" ","457":" ","458":" ","459":"<","460":"d","461":"i","462":"v","463":"\\","464":"r","465":"\\","466":"n","467":" ","468":" ","469":" ","470":" ","471":" ","472":" ","473":"v","474":"-","475":"i","476":"f","477":"=","478":"\\","479":"\"","480":"o","481":"n","482":"J","483":"o","484":"b","485":"R","486":"e","487":"t","488":"u","489":"r","490":"n","491":"s","492":"P","493":"a","494":"g","495":"e","496":"\\","497":"\"","498":"\\","499":"r","500":"\\","501":"n","502":" ","503":" ","504":" ","505":" ","506":" ","507":" ","508":"d","509":"a","510":"t","511":"a","512":"-","513":"t","514":"e","515":"s","516":"t","517":"=","518":"\\","519":"\"","520":"j","521":"o","522":"b","523":"-","524":"c","525":"o","526":"u","527":"n","528":"t","529":"\\","530":"\"","531":"\\","532":"r","533":"\\","534":"n","535":" ","536":" ","537":" ","538":" ","539":" ","540":" ","541":"c","542":"l","543":"a","544":"s","545":"s","546":"=","547":"\\","548":"\"","549":"f","550":"l","551":"e","552":"x","553":" ","554":"i","555":"t","556":"e","557":"m","558":"s","559":"-","560":"c","561":"e","562":"n","563":"t","564":"e","565":"r","566":" ","567":"p","568":"x","569":"-","570":"8","571":" ","572":"h","573":"-","574":"f","575":"u","576":"l","577":"l","578":"\\","579":"\"","580":"\\","581":"r","582":"\\","583":"n","584":" ","585":" ","586":" ","587":" ","588":">","589":"\\","590":"r","591":"\\","592":"n","593":" ","594":" ","595":" ","596":" ","597":" ","598":" ","599":"<","600":"f","601":"o","602":"n","603":"t","604":"-","605":"a","606":"w","607":"e","608":"s","609":"o","610":"m","611":"e","612":"-","613":"i","614":"c","615":"o","616":"n","617":" ","618":":","619":"i","620":"c","621":"o","622":"n","623":"=","624":"\\","625":"\"","626":"[","627":"'","628":"f","629":"a","630":"s","631":"'","632":",","633":" ","634":"'","635":"s","636":"e","637":"a","638":"r","639":"c","640":"h","641":"'","642":"]","643":"\\","644":"\"","645":" ","646":"c","647":"l","648":"a","649":"s","650":"s","651":"=","652":"\\","653":"\"","654":"m","655":"r","656":"-","657":"3","658":"\\","659":"\"","660":" ","661":"/","662":">","663":"\\","664":"r","665":"\\","666":"n","667":" ","668":" ","669":" ","670":" ","671":" ","672":" ","673":"<","674":"s","675":"p","676":"a","677":"n","678":">","679":"<","680":"s","681":"p","682":"a","683":"n","684":" ","685":"c","686":"l","687":"a","688":"s","689":"s","690":"=","691":"\\","692":"\"","693":"t","694":"e","695":"x","696":"t","697":"-","698":"b","699":"r","700":"a","701":"n","702":"d","703":"-","704":"g","705":"r","706":"e","707":"e","708":"n","709":"-","710":"1","711":"\\","712":"\"","713":">","714":"1","715":"6","716":"5","717":"3","718":"<","719":"/","720":"s","721":"p","722":"a","723":"n","724":">","725":" ","726":"j","727":"o","728":"b","729":"s","730":" ","731":"m","732":"a","733":"t","734":"c","735":"h","736":"e","737":"d","738":"<","739":"/","740":"s","741":"p","742":"a","743":"n","744":">","745":"\\","746":"r","747":"\\","748":"n","749":" ","750":" ","751":" ","752":" ","753":"<","754":"/","755":"d","756":"i","757":"v","758":">","759":"\\","760":"r","761":"\\","762":"n","763":" ","764":" ","765":"<","766":"/","767":"d","768":"i","769":"v","770":">","771":"\\","772":"r","773":"\\","774":"n","775":"<","776":"/","777":"t","778":"e","779":"m","780":"p","781":"l","782":"a","783":"t","784":"e","785":">","786":"\\","787":"r","788":"\\","789":"n","790":"<","791":"s","792":"c","793":"r","794":"i","795":"p","796":"t","797":">","798":"\\","799":"r","800":"\\","801":"n","802":"e","803":"x","804":"p","805":"o","806":"r","807":"t","808":" ","809":"d","810":"e","811":"f","812":"a","813":"u","814":"l","815":"t","816":" ","817":"{","818":"\\","819":"r","820":"\\","821":"n","822":" ","823":" ","824":"n","825":"a","826":"m","827":"e","828":":","829":" ","830":"\\","831":"\"","832":"S","833":"u","834":"b","835":"n","836":"a","837":"v","838":"\\","839":"\"","840":",","841":"\\","842":"r","843":"\\","844":"n","845":" ","846":" ","847":"d","848":"a","849":"t","850":"a","851":"(","852":")","853":" ","854":"{","855":"\\","856":"r","857":"\\","858":"n","859":" ","860":" ","861":" ","862":" ","863":"r","864":"e","865":"t","866":"u","867":"r","868":"n","869":" ","870":"{","871":"\\","872":"r","873":"\\","874":"n","875":" ","876":" ","877":" ","878":" ","879":" ","880":" ","881":"o","882":"n","883":"J","884":"o","885":"b","886":"R","887":"e","888":"t","889":"u","890":"r","891":"n","892":"s","893":"P","894":"a","895":"g","896":"e","897":":","898":" ","899":"t","900":"r","901":"u","902":"e","903":",","904":"\\","905":"r","906":"\\","907":"n","908":" ","909":" ","910":" ","911":" ","912":"}","913":";","914":"\\","915":"r","916":"\\","917":"n","918":" ","919":" ","920":"}","921":",","922":"\\","923":"r","924":"\\","925":"n","926":"}","927":";","928":"\\","929":"r","930":"\\","931":"n","932":"<","933":"/","934":"s","935":"c","936":"r","937":"i","938":"p","939":"t","940":">","941":"\\","942":"r","943":"\\","944":"n","945":"\"","946":"]","947":"}"},"_coverageSchema":"1a1c01bbd47fc00a2c39e90264f33305004495a9","hash":"b8febd373d6d739ab9f70c33bc4cd92e7c9af8ad"}
,"C:\\Users\\91738\\Desktop\\git\\job-search\\src\\components\\Shared\\ActionButton.vue": {"path":"C:\\Users\\91738\\Desktop\\git\\job-search\\src\\components\\Shared\\ActionButton.vue","statementMap":{"0":{"start":{"line":4,"column":0},"end":{"line":6,"column":3}},"1":{"start":{"line":7,"column":0},"end":{"line":7,"column":25}},"2":{"start":{"line":8,"column":15},"end":{"line":31,"column":1}},"3":{"start":{"line":20,"column":8},"end":{"line":20,"column":56}},"4":{"start":{"line":26,"column":6},"end":{"line":28,"column":8}},"5":{"start":{"line":34,"column":0},"end":{"line":34,"column":13}},"6":{"start":{"line":36,"column":0},"end":{"line":38,"column":3}},"7":{"start":{"line":39,"column":0},"end":{"line":39,"column":24}},"8":{"start":{"line":40,"column":11},"end":{"line":40,"column":25}},"9":{"start":{"line":42,"column":2},"end":{"line":44,"column":64}},"10":{"start":{"line":45,"column":2},"end":{"line":45,"column":49}}},"fnMap":{"0":{"name":"(anonymous_0)","decl":{"start":{"line":19,"column":6},"end":{"line":19,"column":7}},"loc":{"start":{"line":19,"column":23},"end":{"line":21,"column":7}},"line":19},"1":{"name":"(anonymous_1)","decl":{"start":{"line":25,"column":4},"end":{"line":25,"column":5}},"loc":{"start":{"line":25,"column":18},"end":{"line":29,"column":5}},"line":25},"2":{"name":"render","decl":{"start":{"line":41,"column":9},"end":{"line":41,"column":15}},"loc":{"start":{"line":41,"column":30},"end":{"line":45,"column":1}},"line":41}},"branchMap":{},"s":{"0":2,"1":2,"2":2,"3":7,"4":2,"5":2,"6":2,"7":2,"8":2,"9":2,"10":2},"f":{"0":7,"1":2,"2":2},"b":{},"inputSourceMap":{"0":"{","1":"\"","2":"v","3":"e","4":"r","5":"s","6":"i","7":"o","8":"n","9":"\"","10":":","11":"3","12":",","13":"\"","14":"s","15":"o","16":"u","17":"r","18":"c","19":"e","20":"s","21":"\"","22":":","23":"[","24":"\"","25":"C","26":":","27":"\\","28":"\\","29":"U","30":"s","31":"e","32":"r","33":"s","34":"\\","35":"\\","36":"9","37":"1","38":"7","39":"3","40":"8","41":"\\","42":"\\","43":"D","44":"e","45":"s","46":"k","47":"t","48":"o","49":"p","50":"\\","51":"\\","52":"g","53":"i","54":"t","55":"\\","56":"\\","57":"j","58":"o","59":"b","60":"-","61":"s","62":"e","63":"a","64":"r","65":"c","66":"h","67":"\\","68":"\\","69":"s","70":"r","71":"c","72":"\\","73":"\\","74":"c","75":"o","76":"m","77":"p","78":"o","79":"n","80":"e","81":"n","82":"t","83":"s","84":"\\","85":"\\","86":"S","87":"h","88":"a","89":"r","90":"e","91":"d","92":"\\","93":"\\","94":"A","95":"c","96":"t","97":"i","98":"o","99":"n","100":"B","101":"u","102":"t","103":"t","104":"o","105":"n","106":".","107":"v","108":"u","109":"e","110":"\"","111":"]","112":",","113":"\"","114":"n","115":"a","116":"m","117":"e","118":"s","119":"\"","120":":","121":"[","122":"]","123":",","124":"\"","125":"m","126":"a","127":"p","128":"p","129":"i","130":"n","131":"g","132":"s","133":"\"","134":":","135":"\"","136":";","137":";","138":";","139":";","140":";","141":";","142":";","143":"e","144":"A","145":"O","146":"e","147":";","148":"E","149":"A","150":"C","151":"b","152":",","153":"I","154":"A","155":"A","156":"I","157":",","158":"E","159":"A","160":"A","161":"E","162":",","163":"c","164":"A","165":"A","166":"c","167":";","168":"E","169":"A","170":"C","171":"p","172":"B","173":",","174":"K","175":"A","176":"A","177":"K","178":",","179":"E","180":"A","181":"A","182":"E","183":";","184":"I","185":"A","186":"C","187":"L","188":",","189":"I","190":"A","191":"A","192":"I","193":",","194":"E","195":"A","196":"A","197":"E","198":";","199":"M","200":"A","201":"C","202":"J","203":",","204":"I","205":"A","206":"A","207":"I","208":",","209":"E","210":"A","211":"A","212":"E","213":",","214":"M","215":"A","216":"A","217":"M","218":";","219":"M","220":"A","221":"C","222":"Z","223":",","224":"Q","225":"A","226":"A","227":"Q","228":",","229":"E","230":"A","231":"A","232":"E","233":";","234":"I","235":"A","236":"C","237":"Z","238":",","239":"C","240":"A","241":"A","242":"C","243":";","244":"I","245":"A","246":"C","247":"D","248":",","249":"I","250":"A","251":"A","252":"I","253":",","254":"E","255":"A","256":"A","257":"E","258":";","259":"M","260":"A","261":"C","262":"J","263":",","264":"I","265":"A","266":"A","267":"I","268":",","269":"E","270":"A","271":"A","272":"E","273":",","274":"M","275":"A","276":"A","277":"M","278":";","279":"M","280":"A","281":"C","282":"Z","283":",","284":"Q","285":"A","286":"A","287":"Q","288":",","289":"E","290":"A","291":"A","292":"E","293":",","294":"K","295":"A","296":"A","297":"K","298":";","299":"M","300":"A","301":"C","302":"f","303":",","304":"O","305":"A","306":"A","307":"O","308":",","309":"E","310":"A","311":"A","312":"E","313":",","314":"S","315":"A","316":"A","317":"S","318":";","319":"M","320":"A","321":"C","322":"l","323":"B","324":",","325":"S","326":"A","327":"A","328":"S","329":",","330":"C","331":"A","332":"A","333":"C","334":",","335":"K","336":"A","337":"A","338":"K","339":",","340":"E","341":"A","342":"A","343":"E","344":";","345":"Q","346":"A","347":"C","348":"f","349":",","350":"O","351":"A","352":"A","353":"O","354":",","355":"C","356":"A","357":"A","358":"C","359":",","360":"S","361":"A","362":"A","363":"S","364":",","365":"E","366":"A","367":"A","368":"E","369":",","370":"W","371":"A","372":"A","373":"W","374":",","375":"C","376":"A","377":"A","378":"C","379":",","380":"C","381":"A","382":"A","383":"C","384":",","385":"Q","386":"A","387":"A","388":"Q","389":",","390":"C","391":"A","392":"A","393":"C","394":",","395":"K","396":"A","397":"A","398":"K","399":",","400":"C","401":"A","402":"A","403":"C","404":";","405":"M","406":"A","407":"C","408":"j","409":"D","410":";","411":"I","412":"A","413":"C","414":"F","415":";","416":"E","417":"A","418":"C","419":"F","420":",","421":"C","422":"A","423":"A","424":"C","425":";","426":"E","427":"A","428":"C","429":"D","430":",","431":"Q","432":"A","433":"A","434":"Q","435":",","436":"E","437":"A","438":"A","439":"E","440":";","441":"I","442":"A","443":"C","444":"R","445":",","446":"W","447":"A","448":"A","449":"W","450":",","451":"G","452":"A","453":"A","454":"G","455":";","456":"M","457":"A","458":"C","459":"Z","460":",","461":"O","462":"A","463":"A","464":"O","465":";","466":"Q","467":"A","468":"C","469":"L","470":",","471":"C","472":"A","473":"A","474":"C","475":",","476":"I","477":"A","478":"A","479":"I","480":",","481":"C","482":"A","483":"A","484":"C","485":",","486":"I","487":"A","488":"A","489":"I","490":",","491":"G","492":"A","493":"A","494":"G","495":";","496":"M","497":"A","498":"C","499":"f","500":",","501":"C","502":"A","503":"A","504":"C","505":";","506":"I","507":"A","508":"C","509":"H","510":";","511":"E","512":"A","513":"C","514":"F","515":";","516":"A","517":"A","518":"C","519":"F","520":",","521":"C","522":"A","523":"A","524":"C","525":";","526":"A","527":"A","528":"A","529":"A","530":";","531":"A","532":"A","533":"A","534":"A","535":"\"","536":",","537":"\"","538":"f","539":"i","540":"l","541":"e","542":"\"","543":":","544":"\"","545":"C","546":":","547":"\\","548":"\\","549":"U","550":"s","551":"e","552":"r","553":"s","554":"\\","555":"\\","556":"9","557":"1","558":"7","559":"3","560":"8","561":"\\","562":"\\","563":"D","564":"e","565":"s","566":"k","567":"t","568":"o","569":"p","570":"\\","571":"\\","572":"g","573":"i","574":"t","575":"\\","576":"\\","577":"j","578":"o","579":"b","580":"-","581":"s","582":"e","583":"a","584":"r","585":"c","586":"h","587":"\\","588":"\\","589":"s","590":"r","591":"c","592":"\\","593":"\\","594":"c","595":"o","596":"m","597":"p","598":"o","599":"n","600":"e","601":"n","602":"t","603":"s","604":"\\","605":"\\","606":"S","607":"h","608":"a","609":"r","610":"e","611":"d","612":"\\","613":"\\","614":"A","615":"c","616":"t","617":"i","618":"o","619":"n","620":"B","621":"u","622":"t","623":"t","624":"o","625":"n","626":".","627":"v","628":"u","629":"e","630":"\"","631":",","632":"\"","633":"s","634":"o","635":"u","636":"r","637":"c","638":"e","639":"s","640":"C","641":"o","642":"n","643":"t","644":"e","645":"n","646":"t","647":"\"","648":":","649":"[","650":"\"","651":"<","652":"t","653":"e","654":"m","655":"p","656":"l","657":"a","658":"t","659":"e","660":">","661":"\\","662":"r","663":"\\","664":"n","665":" ","666":" ","667":"<","668":"b","669":"u","670":"t","671":"t","672":"o","673":"n","674":" ","675":":","676":"c","677":"l","678":"a","679":"s","680":"s","681":"=","682":"\\","683":"\"","684":"b","685":"u","686":"t","687":"t","688":"o","689":"n","690":"C","691":"l","692":"a","693":"s","694":"s","695":"\\","696":"\"","697":">","698":"\\","699":"r","700":"\\","701":"n","702":" ","703":" ","704":" ","705":" ","706":"{","707":"{","708":" ","709":"t","710":"e","711":"x","712":"t","713":" ","714":"}","715":"}","716":"\\","717":"r","718":"\\","719":"n","720":" ","721":" ","722":"<","723":"/","724":"b","725":"u","726":"t","727":"t","728":"o","729":"n","730":">","731":"\\","732":"r","733":"\\","734":"n","735":"<","736":"/","737":"t","738":"e","739":"m","740":"p","741":"l","742":"a","743":"t","744":"e","745":">","746":"\\","747":"r","748":"\\","749":"n","750":"\\","751":"r","752":"\\","753":"n","754":"<","755":"s","756":"c","757":"r","758":"i","759":"p","760":"t","761":">","762":"\\","763":"r","764":"\\","765":"n","766":"e","767":"x","768":"p","769":"o","770":"r","771":"t","772":" ","773":"d","774":"e","775":"f","776":"a","777":"u","778":"l","779":"t","780":" ","781":"{","782":"\\","783":"r","784":"\\","785":"n","786":" ","787":" ","788":"n","789":"a","790":"m","791":"e","792":":","793":" ","794":"\\","795":"\"","796":"A","797":"c","798":"t","799":"i","800":"o","801":"n","802":"B","803":"u","804":"t","805":"t","806":"o","807":"n","808":"\\","809":"\"","810":",","811":"\\","812":"r","813":"\\","814":"n","815":" ","816":" ","817":"p","818":"r","819":"o","820":"p","821":"s","822":":","823":" ","824":"{","825":"\\","826":"r","827":"\\","828":"n","829":" ","830":" ","831":" ","832":" ","833":"t","834":"e","835":"x","836":"t","837":":","838":" ","839":"{","840":"\\","841":"r","842":"\\","843":"n","844":" ","845":" ","846":" ","847":" ","848":" ","849":" ","850":"t","851":"y","852":"p","853":"e","854":":","855":" ","856":"S","857":"t","858":"r","859":"i","860":"n","861":"g","862":",","863":"\\","864":"r","865":"\\","866":"n","867":" ","868":" ","869":" ","870":" ","871":" ","872":" ","873":"r","874":"e","875":"q","876":"u","877":"i","878":"r","879":"e","880":"d","881":":","882":" ","883":"t","884":"r","885":"u","886":"e","887":",","888":"\\","889":"r","890":"\\","891":"n","892":" ","893":" ","894":" ","895":" ","896":"}","897":",","898":"\\","899":"r","900":"\\","901":"n","902":" ","903":" ","904":" ","905":" ","906":"t","907":"y","908":"p","909":"e","910":":","911":" ","912":"{","913":"\\","914":"r","915":"\\","916":"n","917":" ","918":" ","919":" ","920":" ","921":" ","922":" ","923":"t","924":"y","925":"p","926":"e","927":":","928":" ","929":"S","930":"t","931":"r","932":"i","933":"n","934":"g","935":",","936":"\\","937":"r","938":"\\","939":"n","940":" ","941":" ","942":" ","943":" ","944":" ","945":" ","946":"r","947":"e","948":"q","949":"u","950":"i","951":"r","952":"e","953":"d","954":":","955":" ","956":"f","957":"a","958":"l","959":"s","960":"e","961":",","962":"\\","963":"r","964":"\\","965":"n","966":" ","967":" ","968":" ","969":" ","970":" ","971":" ","972":"d","973":"e","974":"f","975":"a","976":"u","977":"l","978":"t","979":":","980":" ","981":"\\","982":"\"","983":"p","984":"r","985":"i","986":"m","987":"a","988":"r","989":"y","990":"\\","991":"\"","992":",","993":"\\","994":"r","995":"\\","996":"n","997":" ","998":" ","999":" ","1000":" ","1001":" ","1002":" ","1003":"v","1004":"a","1005":"l","1006":"i","1007":"d","1008":"a","1009":"t","1010":"o","1011":"r","1012":"(","1013":"v","1014":"a","1015":"l","1016":"u","1017":"e","1018":")","1019":" ","1020":"{","1021":"\\","1022":"r","1023":"\\","1024":"n","1025":" ","1026":" ","1027":" ","1028":" ","1029":" ","1030":" ","1031":" ","1032":" ","1033":"r","1034":"e","1035":"t","1036":"u","1037":"r","1038":"n","1039":" ","1040":"[","1041":"\\","1042":"\"","1043":"p","1044":"r","1045":"i","1046":"m","1047":"a","1048":"r","1049":"y","1050":"\\","1051":"\"","1052":",","1053":" ","1054":"\\","1055":"\"","1056":"s","1057":"e","1058":"c","1059":"o","1060":"n","1061":"d","1062":"a","1063":"r","1064":"y","1065":"\\","1066":"\"","1067":"]","1068":".","1069":"i","1070":"n","1071":"c","1072":"l","1073":"u","1074":"d","1075":"e","1076":"s","1077":"(","1078":"v","1079":"a","1080":"l","1081":"u","1082":"e","1083":")","1084":";","1085":"\\","1086":"r","1087":"\\","1088":"n","1089":" ","1090":" ","1091":" ","1092":" ","1093":" ","1094":" ","1095":"}","1096":",","1097":"\\","1098":"r","1099":"\\","1100":"n","1101":" ","1102":" ","1103":" ","1104":" ","1105":"}","1106":",","1107":"\\","1108":"r","1109":"\\","1110":"n","1111":" ","1112":" ","1113":"}","1114":",","1115":"\\","1116":"r","1117":"\\","1118":"n","1119":" ","1120":" ","1121":"c","1122":"o","1123":"m","1124":"p","1125":"u","1126":"t","1127":"e","1128":"d","1129":":","1130":" ","1131":"{","1132":"\\","1133":"r","1134":"\\","1135":"n","1136":" ","1137":" ","1138":" ","1139":" ","1140":"b","1141":"u","1142":"t","1143":"t","1144":"o","1145":"n","1146":"C","1147":"l","1148":"a","1149":"s","1150":"s","1151":"(","1152":")","1153":" ","1154":"{","1155":"\\","1156":"r","1157":"\\","1158":"n","1159":" ","1160":" ","1161":" ","1162":" ","1163":" ","1164":" ","1165":"r","1166":"e","1167":"t","1168":"u","1169":"r","1170":"n","1171":" ","1172":"{","1173":"\\","1174":"r","1175":"\\","1176":"n","1177":" ","1178":" ","1179":" ","1180":" ","1181":" ","1182":" ","1183":" ","1184":" ","1185":"[","1186":"t","1187":"h","1188":"i","1189":"s","1190":".","1191":"t","1192":"y","1193":"p","1194":"e","1195":"]","1196":":","1197":" ","1198":"t","1199":"r","1200":"u","1201":"e","1202":",","1203":"\\","1204":"r","1205":"\\","1206":"n","1207":" ","1208":" ","1209":" ","1210":" ","1211":" ","1212":" ","1213":"}","1214":";","1215":"\\","1216":"r","1217":"\\","1218":"n","1219":" ","1220":" ","1221":" ","1222":" ","1223":"}","1224":",","1225":"\\","1226":"r","1227":"\\","1228":"n","1229":" ","1230":" ","1231":"}","1232":",","1233":"\\","1234":"r","1235":"\\","1236":"n","1237":"}","1238":";","1239":"\\","1240":"r","1241":"\\","1242":"n","1243":"<","1244":"/","1245":"s","1246":"c","1247":"r","1248":"i","1249":"p","1250":"t","1251":">","1252":"\\","1253":"r","1254":"\\","1255":"n","1256":"<","1257":"s","1258":"t","1259":"y","1260":"l","1261":"e","1262":" ","1263":"s","1264":"c","1265":"o","1266":"p","1267":"e","1268":"d","1269":">","1270":"\\","1271":"r","1272":"\\","1273":"n","1274":"b","1275":"u","1276":"t","1277":"t","1278":"o","1279":"n","1280":" ","1281":"{","1282":"\\","1283":"r","1284":"\\","1285":"n","1286":" ","1287":" ","1288":"@","1289":"a","1290":"p","1291":"p","1292":"l","1293":"y","1294":" ","1295":"p","1296":"x","1297":"-","1298":"5","1299":" ","1300":"p","1301":"y","1302":"-","1303":"3","1304":" ","1305":"f","1306":"o","1307":"n","1308":"t","1309":"-","1310":"m","1311":"e","1312":"d","1313":"i","1314":"u","1315":"m","1316":";","1317":"\\","1318":"r","1319":"\\","1320":"n","1321":"}","1322":"\\","1323":"r","1324":"\\","1325":"n","1326":".","1327":"p","1328":"r","1329":"i","1330":"m","1331":"a","1332":"r","1333":"y","1334":" ","1335":"{","1336":"\\","1337":"r","1338":"\\","1339":"n","1340":" ","1341":" ","1342":"@","1343":"a","1344":"p","1345":"p","1346":"l","1347":"y","1348":" ","1349":"r","1350":"o","1351":"u","1352":"n","1353":"d","1354":"e","1355":"d","1356":" ","1357":"t","1358":"e","1359":"x","1360":"t","1361":"-","1362":"w","1363":"h","1364":"i","1365":"t","1366":"e","1367":" ","1368":"b","1369":"g","1370":"-","1371":"b","1372":"r","1373":"a","1374":"n","1375":"d","1376":"-","1377":"b","1378":"l","1379":"u","1380":"e","1381":"-","1382":"1","1383":" ","1384":"h","1385":"o","1386":"v","1387":"e","1388":"r","1389":":","1390":"s","1391":"h","1392":"a","1393":"d","1394":"o","1395":"w","1396":"-","1397":"b","1398":"l","1399":"u","1400":"e","1401":";","1402":"\\","1403":"r","1404":"\\","1405":"n","1406":"}","1407":"\\","1408":"r","1409":"\\","1410":"n","1411":".","1412":"s","1413":"e","1414":"c","1415":"o","1416":"n","1417":"d","1418":"a","1419":"r","1420":"y","1421":" ","1422":"{","1423":"\\","1424":"r","1425":"\\","1426":"n","1427":" ","1428":" ","1429":"@","1430":"a","1431":"p","1432":"p","1433":"l","1434":"y","1435":" ","1436":"t","1437":"e","1438":"x","1439":"t","1440":"-","1441":"b","1442":"r","1443":"a","1444":"n","1445":"d","1446":"-","1447":"b","1448":"l","1449":"u","1450":"e","1451":"-","1452":"1","1453":" ","1454":"b","1455":"g","1456":"-","1457":"t","1458":"r","1459":"a","1460":"n","1461":"s","1462":"p","1463":"a","1464":"r","1465":"e","1466":"n","1467":"t","1468":" ","1469":"h","1470":"o","1471":"v","1472":"e","1473":"r","1474":":","1475":"b","1476":"g","1477":"-","1478":"b","1479":"r","1480":"a","1481":"n","1482":"d","1483":"-","1484":"b","1485":"l","1486":"u","1487":"e","1488":"-","1489":"2","1490":" ","1491":"h","1492":"o","1493":"v","1494":"e","1495":"r","1496":":","1497":"t","1498":"e","1499":"x","1500":"t","1501":"-","1502":"w","1503":"h","1504":"i","1505":"t","1506":"e","1507":";","1508":"\\","1509":"r","1510":"\\","1511":"n","1512":"}","1513":"\\","1514":"r","1515":"\\","1516":"n","1517":"<","1518":"/","1519":"s","1520":"t","1521":"y","1522":"l","1523":"e","1524":">","1525":"\\","1526":"r","1527":"\\","1528":"n","1529":"\"","1530":"]","1531":"}"},"_coverageSchema":"1a1c01bbd47fc00a2c39e90264f33305004495a9","hash":"e615724739afa20f1dc695b39a85cf699cd4f5f2"}
,"C:\\Users\\91738\\Desktop\\git\\job-search\\src\\components\\Shared\\TextInput.vue": {"path":"C:\\Users\\91738\\Desktop\\git\\job-search\\src\\components\\Shared\\TextInput.vue","statementMap":{"0":{"start":{"line":4,"column":0},"end":{"line":6,"column":3}},"1":{"start":{"line":7,"column":0},"end":{"line":7,"column":25}},"2":{"start":{"line":8,"column":15},"end":{"line":27,"column":1}},"3":{"start":{"line":24,"column":6},"end":{"line":24,"column":59}},"4":{"start":{"line":30,"column":0},"end":{"line":30,"column":13}},"5":{"start":{"line":32,"column":0},"end":{"line":34,"column":3}},"6":{"start":{"line":35,"column":0},"end":{"line":35,"column":24}},"7":{"start":{"line":36,"column":11},"end":{"line":36,"column":25}},"8":{"start":{"line":37,"column":19},"end":{"line":37,"column":43}},"9":{"start":{"line":39,"column":2},"end":{"line":47,"column":55}},"10":{"start":{"line":45,"column":6},"end":{"line":45,"column":64}},"11":{"start":{"line":48,"column":2},"end":{"line":48,"column":49}}},"fnMap":{"0":{"name":"(anonymous_0)","decl":{"start":{"line":23,"column":4},"end":{"line":23,"column":5}},"loc":{"start":{"line":23,"column":24},"end":{"line":25,"column":5}},"line":23},"1":{"name":"render","decl":{"start":{"line":38,"column":9},"end":{"line":38,"column":15}},"loc":{"start":{"line":38,"column":30},"end":{"line":48,"column":1}},"line":38},"2":{"name":"(anonymous_2)","decl":{"start":{"line":44,"column":39},"end":{"line":44,"column":40}},"loc":{"start":{"line":44,"column":51},"end":{"line":46,"column":5}},"line":44}},"branchMap":{"0":{"loc":{"start":{"line":44,"column":13},"end":{"line":46,"column":6}},"type":"binary-expr","locations":[{"start":{"line":44,"column":13},"end":{"line":44,"column":22}},{"start":{"line":44,"column":27},"end":{"line":46,"column":5}}],"line":44},"1":{"loc":{"start":{"line":45,"column":13},"end":{"line":45,"column":63}},"type":"binary-expr","locations":[{"start":{"line":45,"column":13},"end":{"line":45,"column":29}},{"start":{"line":45,"column":33},"end":{"line":45,"column":63}}],"line":45}},"s":{"0":1,"1":1,"2":1,"3":3,"4":1,"5":1,"6":1,"7":1,"8":1,"9":1,"10":3,"11":1},"f":{"0":3,"1":1,"2":3},"b":{"0":[1,1],"1":[3,3]},"inputSourceMap":{"0":"{","1":"\"","2":"v","3":"e","4":"r","5":"s","6":"i","7":"o","8":"n","9":"\"","10":":","11":"3","12":",","13":"\"","14":"s","15":"o","16":"u","17":"r","18":"c","19":"e","20":"s","21":"\"","22":":","23":"[","24":"\"","25":"C","26":":","27":"\\","28":"\\","29":"U","30":"s","31":"e","32":"r","33":"s","34":"\\","35":"\\","36":"9","37":"1","38":"7","39":"3","40":"8","41":"\\","42":"\\","43":"D","44":"e","45":"s","46":"k","47":"t","48":"o","49":"p","50":"\\","51":"\\","52":"g","53":"i","54":"t","55":"\\","56":"\\","57":"j","58":"o","59":"b","60":"-","61":"s","62":"e","63":"a","64":"r","65":"c","66":"h","67":"\\","68":"\\","69":"s","70":"r","71":"c","72":"\\","73":"\\","74":"c","75":"o","76":"m","77":"p","78":"o","79":"n","80":"e","81":"n","82":"t","83":"s","84":"\\","85":"\\","86":"S","87":"h","88":"a","89":"r","90":"e","91":"d","92":"\\","93":"\\","94":"T","95":"e","96":"x","97":"t","98":"I","99":"n","100":"p","101":"u","102":"t","103":".","104":"v","105":"u","106":"e","107":"\"","108":"]","109":",","110":"\"","111":"n","112":"a","113":"m","114":"e","115":"s","116":"\"","117":":","118":"[","119":"]","120":",","121":"\"","122":"m","123":"a","124":"p","125":"p","126":"i","127":"n","128":"g","129":"s","130":"\"","131":":","132":"\"","133":";","134":";","135":";","136":";","137":";","138":";","139":";","140":"e","141":"A","142":"W","143":"e","144":";","145":"E","146":"A","147":"C","148":"b","149":",","150":"I","151":"A","152":"A","153":"I","154":",","155":"E","156":"A","157":"A","158":"E","159":",","160":"W","161":"A","162":"A","163":"W","164":";","165":"E","166":"A","167":"C","168":"j","169":"B","170":",","171":"K","172":"A","173":"A","174":"K","175":",","176":"E","177":"A","178":"A","179":"E","180":";","181":"I","182":"A","183":"C","184":"L","185":",","186":"W","187":"A","188":"A","189":"W","190":",","191":"E","192":"A","193":"A","194":"E","195":";","196":"M","197":"A","198":"C","199":"X","200":",","201":"I","202":"A","203":"A","204":"I","205":",","206":"E","207":"A","208":"A","209":"E","210":",","211":"M","212":"A","213":"A","214":"M","215":";","216":"M","217":"A","218":"C","219":"Z","220":",","221":"Q","222":"A","223":"A","224":"Q","225":",","226":"E","227":"A","228":"A","229":"E","230":",","231":"K","232":"A","233":"A","234":"K","235":";","236":"M","237":"A","238":"C","239":"f","240":",","241":"O","242":"A","243":"A","244":"O","245":",","246":"E","247":"A","248":"A","249":"E","250":";","251":"I","252":"A","253":"C","254":"X","255":",","256":"C","257":"A","258":"A","259":"C","260":";","261":"I","262":"A","263":"C","264":"D","265":",","266":"U","267":"A","268":"A","269":"U","270":",","271":"E","272":"A","273":"A","274":"E","275":";","276":"M","277":"A","278":"C","279":"V","280":",","281":"I","282":"A","283":"A","284":"I","285":",","286":"E","287":"A","288":"A","289":"E","290":",","291":"M","292":"A","293":"A","294":"M","295":";","296":"M","297":"A","298":"C","299":"Z","300":",","301":"Q","302":"A","303":"A","304":"Q","305":",","306":"E","307":"A","308":"A","309":"E","310":";","311":"I","312":"A","313":"C","314":"Z","315":";","316":"E","317":"A","318":"C","319":"F","320":",","321":"C","322":"A","323":"A","324":"C","325":";","326":"E","327":"A","328":"C","329":"D","330":",","331":"K","332":"A","333":"A","334":"K","335":",","336":"E","337":"A","338":"A","339":"E","340":",","341":"C","342":"A","343":"A","344":"C","345":",","346":"m","347":"B","348":"A","349":"A","350":"m","351":"B","352":",","353":"C","354":"A","355":"A","356":"C","357":";","358":"E","359":"A","360":"C","361":"5","362":"B","363":",","364":"O","365":"A","366":"A","367":"O","368":",","369":"E","370":"A","371":"A","372":"E","373":";","374":"I","375":"A","376":"C","377":"P","378":",","379":"W","380":"A","381":"A","382":"W","383":",","384":"C","385":"A","386":"A","387":"C","388":",","389":"M","390":"A","391":"A","392":"M","393":",","394":"E","395":"A","396":"A","397":"E","398":";","399":"M","400":"A","401":"C","402":"l","403":"B","404":",","405":"I","406":"A","407":"A","408":"I","409":",","410":"C","411":"A","412":"A","413":"C","414":",","415":"K","416":"A","417":"A","418":"K","419":",","420":"C","421":"A","422":"A","423":"C","424":",","425":"m","426":"B","427":"A","428":"A","429":"m","430":"B","431":",","432":"E","433":"A","434":"A","435":"E","436":",","437":"M","438":"A","439":"A","440":"M","441":",","442":"C","443":"A","444":"A","445":"C","446":",","447":"M","448":"A","449":"A","450":"M","451":",","452":"C","453":"A","454":"A","455":"C","456":",","457":"K","458":"A","459":"A","460":"K","461":",","462":"C","463":"A","464":"A","465":"C","466":";","467":"I","468":"A","469":"C","470":"t","471":"D","472":";","473":"E","474":"A","475":"C","476":"F","477":";","478":"A","479":"A","480":"C","481":"F","482":",","483":"C","484":"A","485":"A","486":"C","487":";","488":"A","489":"A","490":"A","491":"A","492":";","493":"A","494":"A","495":"A","496":"A","497":"\"","498":",","499":"\"","500":"f","501":"i","502":"l","503":"e","504":"\"","505":":","506":"\"","507":"C","508":":","509":"\\","510":"\\","511":"U","512":"s","513":"e","514":"r","515":"s","516":"\\","517":"\\","518":"9","519":"1","520":"7","521":"3","522":"8","523":"\\","524":"\\","525":"D","526":"e","527":"s","528":"k","529":"t","530":"o","531":"p","532":"\\","533":"\\","534":"g","535":"i","536":"t","537":"\\","538":"\\","539":"j","540":"o","541":"b","542":"-","543":"s","544":"e","545":"a","546":"r","547":"c","548":"h","549":"\\","550":"\\","551":"s","552":"r","553":"c","554":"\\","555":"\\","556":"c","557":"o","558":"m","559":"p","560":"o","561":"n","562":"e","563":"n","564":"t","565":"s","566":"\\","567":"\\","568":"S","569":"h","570":"a","571":"r","572":"e","573":"d","574":"\\","575":"\\","576":"T","577":"e","578":"x","579":"t","580":"I","581":"n","582":"p","583":"u","584":"t","585":".","586":"v","587":"u","588":"e","589":"\"","590":",","591":"\"","592":"s","593":"o","594":"u","595":"r","596":"c","597":"e","598":"s","599":"C","600":"o","601":"n","602":"t","603":"e","604":"n","605":"t","606":"\"","607":":","608":"[","609":"\"","610":"<","611":"t","612":"e","613":"m","614":"p","615":"l","616":"a","617":"t","618":"e","619":">","620":"\\","621":"r","622":"\\","623":"n","624":" ","625":" ","626":"<","627":"i","628":"n","629":"p","630":"u","631":"t","632":"\\","633":"r","634":"\\","635":"n","636":" ","637":" ","638":" ","639":" ","640":"t","641":"y","642":"p","643":"e","644":"=","645":"\\","646":"\"","647":"t","648":"e","649":"x","650":"t","651":"\\","652":"\"","653":"\\","654":"r","655":"\\","656":"n","657":" ","658":" ","659":" ","660":" ","661":":","662":"p","663":"l","664":"a","665":"c","666":"e","667":"h","668":"o","669":"l","670":"d","671":"e","672":"r","673":"=","674":"\\","675":"\"","676":"p","677":"l","678":"a","679":"c","680":"e","681":"h","682":"o","683":"l","684":"d","685":"e","686":"r","687":"\\","688":"\"","689":"\\","690":"r","691":"\\","692":"n","693":" ","694":" ","695":" ","696":" ","697":":","698":"v","699":"a","700":"l","701":"u","702":"e","703":"=","704":"\\","705":"\"","706":"m","707":"o","708":"d","709":"e","710":"l","711":"V","712":"a","713":"l","714":"u","715":"e","716":"\\","717":"\"","718":"\\","719":"r","720":"\\","721":"n","722":" ","723":" ","724":" ","725":" ","726":"c","727":"l","728":"a","729":"s","730":"s","731":"=","732":"\\","733":"\"","734":"w","735":"-","736":"f","737":"u","738":"l","739":"l","740":" ","741":"t","742":"e","743":"x","744":"t","745":"-","746":"l","747":"g","748":" ","749":"f","750":"o","751":"n","752":"t","753":"-","754":"n","755":"o","756":"r","757":"m","758":"a","759":"l","760":" ","761":"f","762":"o","763":"c","764":"u","765":"s","766":":","767":"o","768":"u","769":"t","770":"l","771":"i","772":"n","773":"e","774":"-","775":"n","776":"o","777":"n","778":"e","779":"\\","780":"\"","781":"\\","782":"r","783":"\\","784":"n","785":" ","786":" ","787":" ","788":" ","789":"@","790":"i","791":"n","792":"p","793":"u","794":"t","795":"=","796":"\\","797":"\"","798":"h","799":"a","800":"n","801":"d","802":"l","803":"e","804":"I","805":"n","806":"p","807":"u","808":"t","809":"\\","810":"\"","811":"\\","812":"r","813":"\\","814":"n","815":" ","816":" ","817":"/","818":">","819":"\\","820":"r","821":"\\","822":"n","823":"<","824":"/","825":"t","826":"e","827":"m","828":"p","829":"l","830":"a","831":"t","832":"e","833":">","834":"\\","835":"r","836":"\\","837":"n","838":"\\","839":"r","840":"\\","841":"n","842":"<","843":"s","844":"c","845":"r","846":"i","847":"p","848":"t","849":">","850":"\\","851":"r","852":"\\","853":"n","854":"e","855":"x","856":"p","857":"o","858":"r","859":"t","860":" ","861":"d","862":"e","863":"f","864":"a","865":"u","866":"l","867":"t","868":" ","869":"{","870":"\\","871":"r","872":"\\","873":"n","874":" ","875":" ","876":"n","877":"a","878":"m","879":"e","880":":","881":" ","882":"\\","883":"\"","884":"T","885":"e","886":"x","887":"t","888":"I","889":"n","890":"p","891":"u","892":"t","893":"\\","894":"\"","895":",","896":"\\","897":"r","898":"\\","899":"n","900":" ","901":" ","902":"p","903":"r","904":"o","905":"p","906":"s","907":":","908":" ","909":"{","910":"\\","911":"r","912":"\\","913":"n","914":" ","915":" ","916":" ","917":" ","918":"p","919":"l","920":"a","921":"c","922":"e","923":"h","924":"o","925":"l","926":"d","927":"e","928":"r","929":":","930":" ","931":"{","932":"\\","933":"r","934":"\\","935":"n","936":" ","937":" ","938":" ","939":" ","940":" ","941":" ","942":"t","943":"y","944":"p","945":"e","946":":","947":" ","948":"S","949":"t","950":"r","951":"i","952":"n","953":"g","954":",","955":"\\","956":"r","957":"\\","958":"n","959":" ","960":" ","961":" ","962":" ","963":" ","964":" ","965":"r","966":"e","967":"q","968":"u","969":"i","970":"r","971":"e","972":"d","973":":","974":" ","975":"f","976":"a","977":"l","978":"s","979":"e","980":",","981":"\\","982":"r","983":"\\","984":"n","985":" ","986":" ","987":" ","988":" ","989":" ","990":" ","991":"d","992":"e","993":"f","994":"a","995":"u","996":"l","997":"t","998":":","999":" ","1000":"\\","1001":"\"","1002":"\\","1003":"\"","1004":",","1005":"\\","1006":"r","1007":"\\","1008":"n","1009":" ","1010":" ","1011":" ","1012":" ","1013":"}","1014":",","1015":"\\","1016":"r","1017":"\\","1018":"n","1019":" ","1020":" ","1021":" ","1022":" ","1023":"m","1024":"o","1025":"d","1026":"e","1027":"l","1028":"V","1029":"a","1030":"l","1031":"u","1032":"e","1033":":","1034":" ","1035":"{","1036":"\\","1037":"r","1038":"\\","1039":"n","1040":" ","1041":" ","1042":" ","1043":" ","1044":" ","1045":" ","1046":"t","1047":"y","1048":"p","1049":"e","1050":":","1051":" ","1052":"S","1053":"t","1054":"r","1055":"i","1056":"n","1057":"g","1058":",","1059":"\\","1060":"r","1061":"\\","1062":"n","1063":" ","1064":" ","1065":" ","1066":" ","1067":" ","1068":" ","1069":"r","1070":"e","1071":"q","1072":"u","1073":"i","1074":"r","1075":"e","1076":"d","1077":":","1078":" ","1079":"t","1080":"r","1081":"u","1082":"e","1083":",","1084":"\\","1085":"r","1086":"\\","1087":"n","1088":" ","1089":" ","1090":" ","1091":" ","1092":"}","1093":",","1094":"\\","1095":"r","1096":"\\","1097":"n","1098":" ","1099":" ","1100":"}","1101":",","1102":"\\","1103":"r","1104":"\\","1105":"n","1106":" ","1107":" ","1108":"e","1109":"m","1110":"i","1111":"t","1112":"s","1113":":","1114":" ","1115":"[","1116":"\\","1117":"\"","1118":"u","1119":"p","1120":"d","1121":"a","1122":"t","1123":"e","1124":":","1125":"m","1126":"o","1127":"d","1128":"e","1129":"l","1130":"V","1131":"a","1132":"l","1133":"u","1134":"e","1135":"\\","1136":"\"","1137":"]","1138":",","1139":"\\","1140":"r","1141":"\\","1142":"n","1143":" ","1144":" ","1145":"m","1146":"e","1147":"t","1148":"h","1149":"o","1150":"d","1151":"s","1152":":","1153":" ","1154":"{","1155":"\\","1156":"r","1157":"\\","1158":"n","1159":" ","1160":" ","1161":" ","1162":" ","1163":"h","1164":"a","1165":"n","1166":"d","1167":"l","1168":"e","1169":"I","1170":"n","1171":"p","1172":"u","1173":"t","1174":"(","1175":"$","1176":"e","1177":"v","1178":"e","1179":"n","1180":"t","1181":")","1182":" ","1183":"{","1184":"\\","1185":"r","1186":"\\","1187":"n","1188":" ","1189":" ","1190":" ","1191":" ","1192":" ","1193":" ","1194":"t","1195":"h","1196":"i","1197":"s","1198":".","1199":"$","1200":"e","1201":"m","1202":"i","1203":"t","1204":"(","1205":"\\","1206":"\"","1207":"u","1208":"p","1209":"d","1210":"a","1211":"t","1212":"e","1213":":","1214":"m","1215":"o","1216":"d","1217":"e","1218":"l","1219":"V","1220":"a","1221":"l","1222":"u","1223":"e","1224":"\\","1225":"\"","1226":",","1227":" ","1228":"$","1229":"e","1230":"v","1231":"e","1232":"n","1233":"t","1234":".","1235":"t","1236":"a","1237":"r","1238":"g","1239":"e","1240":"t","1241":".","1242":"v","1243":"a","1244":"l","1245":"u","1246":"e","1247":")","1248":";","1249":"\\","1250":"r","1251":"\\","1252":"n","1253":" ","1254":" ","1255":" ","1256":" ","1257":"}","1258":",","1259":"\\","1260":"r","1261":"\\","1262":"n","1263":" ","1264":" ","1265":"}","1266":",","1267":"\\","1268":"r","1269":"\\","1270":"n","1271":"}","1272":";","1273":"\\","1274":"r","1275":"\\","1276":"n","1277":"<","1278":"/","1279":"s","1280":"c","1281":"r","1282":"i","1283":"p","1284":"t","1285":">","1286":"\\","1287":"r","1288":"\\","1289":"n","1290":"\"","1291":"]","1292":"}"},"_coverageSchema":"1a1c01bbd47fc00a2c39e90264f33305004495a9","hash":"176e4f8f3cbcc575e15a71c25b79d9953b140c74"}
,"C:\\Users\\91738\\Desktop\\git\\job-search\\src\\utils\\nextElementInList.js": {"path":"C:\\Users\\91738\\Desktop\\git\\job-search\\src\\utils\\nextElementInList.js","statementMap":{"0":{"start":{"line":1,"column":26},"end":{"line":6,"column":1}},"1":{"start":{"line":2,"column":29},"end":{"line":2,"column":48}},"2":{"start":{"line":3,"column":25},"end":{"line":3,"column":63}},"3":{"start":{"line":4,"column":20},"end":{"line":4,"column":40}},"4":{"start":{"line":5,"column":2},"end":{"line":5,"column":19}}},"fnMap":{"0":{"name":"(anonymous_0)","decl":{"start":{"line":1,"column":26},"end":{"line":1,"column":27}},"loc":{"start":{"line":1,"column":43},"end":{"line":6,"column":1}},"line":1}},"branchMap":{},"s":{"0":1,"1":2,"2":2,"3":2,"4":2},"f":{"0":2},"b":{},"_coverageSchema":"1a1c01bbd47fc00a2c39e90264f33305004495a9","hash":"59f9f3233a3001dcc005ae8a0846381fc91ae1b1"}
}
