{"C:\\Users\\91738\\Desktop\\job-search\\src\\components\\ActionButton.vue": {"path":"C:\\Users\\91738\\Desktop\\job-search\\src\\components\\ActionButton.vue","statementMap":{"0":{"start":{"line":4,"column":0},"end":{"line":6,"column":3}},"1":{"start":{"line":7,"column":0},"end":{"line":7,"column":25}},"2":{"start":{"line":8,"column":15},"end":{"line":31,"column":1}},"3":{"start":{"line":20,"column":8},"end":{"line":20,"column":56}},"4":{"start":{"line":26,"column":6},"end":{"line":28,"column":8}},"5":{"start":{"line":34,"column":0},"end":{"line":34,"column":13}},"6":{"start":{"line":36,"column":0},"end":{"line":38,"column":3}},"7":{"start":{"line":39,"column":0},"end":{"line":39,"column":24}},"8":{"start":{"line":40,"column":11},"end":{"line":40,"column":25}},"9":{"start":{"line":42,"column":2},"end":{"line":44,"column":64}},"10":{"start":{"line":45,"column":2},"end":{"line":45,"column":49}}},"fnMap":{"0":{"name":"(anonymous_0)","decl":{"start":{"line":19,"column":6},"end":{"line":19,"column":7}},"loc":{"start":{"line":19,"column":23},"end":{"line":21,"column":7}},"line":19},"1":{"name":"(anonymous_1)","decl":{"start":{"line":25,"column":4},"end":{"line":25,"column":5}},"loc":{"start":{"line":25,"column":18},"end":{"line":29,"column":5}},"line":25},"2":{"name":"render","decl":{"start":{"line":41,"column":9},"end":{"line":41,"column":15}},"loc":{"start":{"line":41,"column":30},"end":{"line":45,"column":1}},"line":41}},"branchMap":{},"s":{"0":2,"1":2,"2":2,"3":7,"4":2,"5":2,"6":2,"7":2,"8":2,"9":2,"10":2},"f":{"0":7,"1":2,"2":2},"b":{},"inputSourceMap":{"0":"{","1":"\"","2":"v","3":"e","4":"r","5":"s","6":"i","7":"o","8":"n","9":"\"","10":":","11":"3","12":",","13":"\"","14":"s","15":"o","16":"u","17":"r","18":"c","19":"e","20":"s","21":"\"","22":":","23":"[","24":"\"","25":"C","26":":","27":"\\","28":"\\","29":"U","30":"s","31":"e","32":"r","33":"s","34":"\\","35":"\\","36":"9","37":"1","38":"7","39":"3","40":"8","41":"\\","42":"\\","43":"D","44":"e","45":"s","46":"k","47":"t","48":"o","49":"p","50":"\\","51":"\\","52":"j","53":"o","54":"b","55":"-","56":"s","57":"e","58":"a","59":"r","60":"c","61":"h","62":"\\","63":"\\","64":"s","65":"r","66":"c","67":"\\","68":"\\","69":"c","70":"o","71":"m","72":"p","73":"o","74":"n","75":"e","76":"n","77":"t","78":"s","79":"\\","80":"\\","81":"A","82":"c","83":"t","84":"i","85":"o","86":"n","87":"B","88":"u","89":"t","90":"t","91":"o","92":"n","93":".","94":"v","95":"u","96":"e","97":"\"","98":"]","99":",","100":"\"","101":"n","102":"a","103":"m","104":"e","105":"s","106":"\"","107":":","108":"[","109":"]","110":",","111":"\"","112":"m","113":"a","114":"p","115":"p","116":"i","117":"n","118":"g","119":"s","120":"\"","121":":","122":"\"","123":";","124":";","125":";","126":";","127":";","128":";","129":";","130":"e","131":"A","132":"O","133":"e","134":";","135":"E","136":"A","137":"C","138":"b","139":",","140":"I","141":"A","142":"A","143":"I","144":",","145":"E","146":"A","147":"A","148":"E","149":",","150":"c","151":"A","152":"A","153":"c","154":";","155":"E","156":"A","157":"C","158":"p","159":"B","160":",","161":"K","162":"A","163":"A","164":"K","165":",","166":"E","167":"A","168":"A","169":"E","170":";","171":"I","172":"A","173":"C","174":"L","175":",","176":"I","177":"A","178":"A","179":"I","180":",","181":"E","182":"A","183":"A","184":"E","185":";","186":"M","187":"A","188":"C","189":"J","190":",","191":"I","192":"A","193":"A","194":"I","195":",","196":"E","197":"A","198":"A","199":"E","200":",","201":"M","202":"A","203":"A","204":"M","205":";","206":"M","207":"A","208":"C","209":"Z","210":",","211":"Q","212":"A","213":"A","214":"Q","215":",","216":"E","217":"A","218":"A","219":"E","220":";","221":"I","222":"A","223":"C","224":"Z","225":",","226":"C","227":"A","228":"A","229":"C","230":";","231":"I","232":"A","233":"C","234":"D","235":",","236":"I","237":"A","238":"A","239":"I","240":",","241":"E","242":"A","243":"A","244":"E","245":";","246":"M","247":"A","248":"C","249":"J","250":",","251":"I","252":"A","253":"A","254":"I","255":",","256":"E","257":"A","258":"A","259":"E","260":",","261":"M","262":"A","263":"A","264":"M","265":";","266":"M","267":"A","268":"C","269":"Z","270":",","271":"Q","272":"A","273":"A","274":"Q","275":",","276":"E","277":"A","278":"A","279":"E","280":",","281":"K","282":"A","283":"A","284":"K","285":";","286":"M","287":"A","288":"C","289":"f","290":",","291":"O","292":"A","293":"A","294":"O","295":",","296":"E","297":"A","298":"A","299":"E","300":",","301":"S","302":"A","303":"A","304":"S","305":";","306":"M","307":"A","308":"C","309":"l","310":"B","311":",","312":"S","313":"A","314":"A","315":"S","316":",","317":"C","318":"A","319":"A","320":"C","321":",","322":"K","323":"A","324":"A","325":"K","326":",","327":"E","328":"A","329":"A","330":"E","331":";","332":"Q","333":"A","334":"C","335":"f","336":",","337":"O","338":"A","339":"A","340":"O","341":",","342":"C","343":"A","344":"A","345":"C","346":",","347":"S","348":"A","349":"A","350":"S","351":",","352":"E","353":"A","354":"A","355":"E","356":",","357":"W","358":"A","359":"A","360":"W","361":",","362":"C","363":"A","364":"A","365":"C","366":",","367":"C","368":"A","369":"A","370":"C","371":",","372":"Q","373":"A","374":"A","375":"Q","376":",","377":"C","378":"A","379":"A","380":"C","381":",","382":"K","383":"A","384":"A","385":"K","386":",","387":"C","388":"A","389":"A","390":"C","391":";","392":"M","393":"A","394":"C","395":"j","396":"D","397":";","398":"I","399":"A","400":"C","401":"F","402":";","403":"E","404":"A","405":"C","406":"F","407":",","408":"C","409":"A","410":"A","411":"C","412":";","413":"E","414":"A","415":"C","416":"D","417":",","418":"Q","419":"A","420":"A","421":"Q","422":",","423":"E","424":"A","425":"A","426":"E","427":";","428":"I","429":"A","430":"C","431":"R","432":",","433":"W","434":"A","435":"A","436":"W","437":",","438":"G","439":"A","440":"A","441":"G","442":";","443":"M","444":"A","445":"C","446":"Z","447":",","448":"O","449":"A","450":"A","451":"O","452":";","453":"Q","454":"A","455":"C","456":"L","457":",","458":"C","459":"A","460":"A","461":"C","462":",","463":"I","464":"A","465":"A","466":"I","467":",","468":"C","469":"A","470":"A","471":"C","472":",","473":"I","474":"A","475":"A","476":"I","477":",","478":"G","479":"A","480":"A","481":"G","482":";","483":"M","484":"A","485":"C","486":"f","487":",","488":"C","489":"A","490":"A","491":"C","492":";","493":"I","494":"A","495":"C","496":"H","497":";","498":"E","499":"A","500":"C","501":"F","502":";","503":"A","504":"A","505":"C","506":"F","507":",","508":"C","509":"A","510":"A","511":"C","512":";","513":"A","514":"A","515":"A","516":"A","517":";","518":"A","519":"A","520":"A","521":"A","522":"\"","523":",","524":"\"","525":"f","526":"i","527":"l","528":"e","529":"\"","530":":","531":"\"","532":"C","533":":","534":"\\","535":"\\","536":"U","537":"s","538":"e","539":"r","540":"s","541":"\\","542":"\\","543":"9","544":"1","545":"7","546":"3","547":"8","548":"\\","549":"\\","550":"D","551":"e","552":"s","553":"k","554":"t","555":"o","556":"p","557":"\\","558":"\\","559":"j","560":"o","561":"b","562":"-","563":"s","564":"e","565":"a","566":"r","567":"c","568":"h","569":"\\","570":"\\","571":"s","572":"r","573":"c","574":"\\","575":"\\","576":"c","577":"o","578":"m","579":"p","580":"o","581":"n","582":"e","583":"n","584":"t","585":"s","586":"\\","587":"\\","588":"A","589":"c","590":"t","591":"i","592":"o","593":"n","594":"B","595":"u","596":"t","597":"t","598":"o","599":"n","600":".","601":"v","602":"u","603":"e","604":"\"","605":",","606":"\"","607":"s","608":"o","609":"u","610":"r","611":"c","612":"e","613":"s","614":"C","615":"o","616":"n","617":"t","618":"e","619":"n","620":"t","621":"\"","622":":","623":"[","624":"\"","625":"<","626":"t","627":"e","628":"m","629":"p","630":"l","631":"a","632":"t","633":"e","634":">","635":"\\","636":"r","637":"\\","638":"n","639":" ","640":" ","641":"<","642":"b","643":"u","644":"t","645":"t","646":"o","647":"n","648":" ","649":":","650":"c","651":"l","652":"a","653":"s","654":"s","655":"=","656":"\\","657":"\"","658":"b","659":"u","660":"t","661":"t","662":"o","663":"n","664":"C","665":"l","666":"a","667":"s","668":"s","669":"\\","670":"\"","671":">","672":"\\","673":"r","674":"\\","675":"n","676":" ","677":" ","678":" ","679":" ","680":"{","681":"{","682":" ","683":"t","684":"e","685":"x","686":"t","687":" ","688":"}","689":"}","690":"\\","691":"r","692":"\\","693":"n","694":" ","695":" ","696":"<","697":"/","698":"b","699":"u","700":"t","701":"t","702":"o","703":"n","704":">","705":"\\","706":"r","707":"\\","708":"n","709":"<","710":"/","711":"t","712":"e","713":"m","714":"p","715":"l","716":"a","717":"t","718":"e","719":">","720":"\\","721":"r","722":"\\","723":"n","724":"\\","725":"r","726":"\\","727":"n","728":"<","729":"s","730":"c","731":"r","732":"i","733":"p","734":"t","735":">","736":"\\","737":"r","738":"\\","739":"n","740":"e","741":"x","742":"p","743":"o","744":"r","745":"t","746":" ","747":"d","748":"e","749":"f","750":"a","751":"u","752":"l","753":"t","754":" ","755":"{","756":"\\","757":"r","758":"\\","759":"n","760":" ","761":" ","762":"n","763":"a","764":"m","765":"e","766":":","767":" ","768":"\\","769":"\"","770":"A","771":"c","772":"t","773":"i","774":"o","775":"n","776":"B","777":"u","778":"t","779":"t","780":"o","781":"n","782":"\\","783":"\"","784":",","785":"\\","786":"r","787":"\\","788":"n","789":" ","790":" ","791":"p","792":"r","793":"o","794":"p","795":"s","796":":","797":" ","798":"{","799":"\\","800":"r","801":"\\","802":"n","803":" ","804":" ","805":" ","806":" ","807":"t","808":"e","809":"x","810":"t","811":":","812":" ","813":"{","814":"\\","815":"r","816":"\\","817":"n","818":" ","819":" ","820":" ","821":" ","822":" ","823":" ","824":"t","825":"y","826":"p","827":"e","828":":","829":" ","830":"S","831":"t","832":"r","833":"i","834":"n","835":"g","836":",","837":"\\","838":"r","839":"\\","840":"n","841":" ","842":" ","843":" ","844":" ","845":" ","846":" ","847":"r","848":"e","849":"q","850":"u","851":"i","852":"r","853":"e","854":"d","855":":","856":" ","857":"t","858":"r","859":"u","860":"e","861":",","862":"\\","863":"r","864":"\\","865":"n","866":" ","867":" ","868":" ","869":" ","870":"}","871":",","872":"\\","873":"r","874":"\\","875":"n","876":" ","877":" ","878":" ","879":" ","880":"t","881":"y","882":"p","883":"e","884":":","885":" ","886":"{","887":"\\","888":"r","889":"\\","890":"n","891":" ","892":" ","893":" ","894":" ","895":" ","896":" ","897":"t","898":"y","899":"p","900":"e","901":":","902":" ","903":"S","904":"t","905":"r","906":"i","907":"n","908":"g","909":",","910":"\\","911":"r","912":"\\","913":"n","914":" ","915":" ","916":" ","917":" ","918":" ","919":" ","920":"r","921":"e","922":"q","923":"u","924":"i","925":"r","926":"e","927":"d","928":":","929":" ","930":"f","931":"a","932":"l","933":"s","934":"e","935":",","936":"\\","937":"r","938":"\\","939":"n","940":" ","941":" ","942":" ","943":" ","944":" ","945":" ","946":"d","947":"e","948":"f","949":"a","950":"u","951":"l","952":"t","953":":","954":" ","955":"\\","956":"\"","957":"p","958":"r","959":"i","960":"m","961":"a","962":"r","963":"y","964":"\\","965":"\"","966":",","967":"\\","968":"r","969":"\\","970":"n","971":" ","972":" ","973":" ","974":" ","975":" ","976":" ","977":"v","978":"a","979":"l","980":"i","981":"d","982":"a","983":"t","984":"o","985":"r","986":"(","987":"v","988":"a","989":"l","990":"u","991":"e","992":")","993":" ","994":"{","995":"\\","996":"r","997":"\\","998":"n","999":" ","1000":" ","1001":" ","1002":" ","1003":" ","1004":" ","1005":" ","1006":" ","1007":"r","1008":"e","1009":"t","1010":"u","1011":"r","1012":"n","1013":" ","1014":"[","1015":"\\","1016":"\"","1017":"p","1018":"r","1019":"i","1020":"m","1021":"a","1022":"r","1023":"y","1024":"\\","1025":"\"","1026":",","1027":" ","1028":"\\","1029":"\"","1030":"s","1031":"e","1032":"c","1033":"o","1034":"n","1035":"d","1036":"a","1037":"r","1038":"y","1039":"\\","1040":"\"","1041":"]","1042":".","1043":"i","1044":"n","1045":"c","1046":"l","1047":"u","1048":"d","1049":"e","1050":"s","1051":"(","1052":"v","1053":"a","1054":"l","1055":"u","1056":"e","1057":")","1058":";","1059":"\\","1060":"r","1061":"\\","1062":"n","1063":" ","1064":" ","1065":" ","1066":" ","1067":" ","1068":" ","1069":"}","1070":",","1071":"\\","1072":"r","1073":"\\","1074":"n","1075":" ","1076":" ","1077":" ","1078":" ","1079":"}","1080":",","1081":"\\","1082":"r","1083":"\\","1084":"n","1085":" ","1086":" ","1087":"}","1088":",","1089":"\\","1090":"r","1091":"\\","1092":"n","1093":" ","1094":" ","1095":"c","1096":"o","1097":"m","1098":"p","1099":"u","1100":"t","1101":"e","1102":"d","1103":":","1104":" ","1105":"{","1106":"\\","1107":"r","1108":"\\","1109":"n","1110":" ","1111":" ","1112":" ","1113":" ","1114":"b","1115":"u","1116":"t","1117":"t","1118":"o","1119":"n","1120":"C","1121":"l","1122":"a","1123":"s","1124":"s","1125":"(","1126":")","1127":" ","1128":"{","1129":"\\","1130":"r","1131":"\\","1132":"n","1133":" ","1134":" ","1135":" ","1136":" ","1137":" ","1138":" ","1139":"r","1140":"e","1141":"t","1142":"u","1143":"r","1144":"n","1145":" ","1146":"{","1147":"\\","1148":"r","1149":"\\","1150":"n","1151":" ","1152":" ","1153":" ","1154":" ","1155":" ","1156":" ","1157":" ","1158":" ","1159":"[","1160":"t","1161":"h","1162":"i","1163":"s","1164":".","1165":"t","1166":"y","1167":"p","1168":"e","1169":"]","1170":":","1171":" ","1172":"t","1173":"r","1174":"u","1175":"e","1176":",","1177":"\\","1178":"r","1179":"\\","1180":"n","1181":" ","1182":" ","1183":" ","1184":" ","1185":" ","1186":" ","1187":"}","1188":";","1189":"\\","1190":"r","1191":"\\","1192":"n","1193":" ","1194":" ","1195":" ","1196":" ","1197":"}","1198":",","1199":"\\","1200":"r","1201":"\\","1202":"n","1203":" ","1204":" ","1205":"}","1206":",","1207":"\\","1208":"r","1209":"\\","1210":"n","1211":"}","1212":";","1213":"\\","1214":"r","1215":"\\","1216":"n","1217":"<","1218":"/","1219":"s","1220":"c","1221":"r","1222":"i","1223":"p","1224":"t","1225":">","1226":"\\","1227":"r","1228":"\\","1229":"n","1230":"<","1231":"s","1232":"t","1233":"y","1234":"l","1235":"e","1236":" ","1237":"s","1238":"c","1239":"o","1240":"p","1241":"e","1242":"d","1243":">","1244":"\\","1245":"r","1246":"\\","1247":"n","1248":"b","1249":"u","1250":"t","1251":"t","1252":"o","1253":"n","1254":" ","1255":"{","1256":"\\","1257":"r","1258":"\\","1259":"n","1260":" ","1261":" ","1262":"@","1263":"a","1264":"p","1265":"p","1266":"l","1267":"y","1268":" ","1269":"p","1270":"x","1271":"-","1272":"5","1273":" ","1274":"p","1275":"y","1276":"-","1277":"3","1278":" ","1279":"f","1280":"o","1281":"n","1282":"t","1283":"-","1284":"m","1285":"e","1286":"d","1287":"i","1288":"u","1289":"m","1290":" ","1291":"r","1292":"o","1293":"u","1294":"n","1295":"d","1296":"e","1297":"d","1298":";","1299":"\\","1300":"r","1301":"\\","1302":"n","1303":"}","1304":"\\","1305":"r","1306":"\\","1307":"n","1308":".","1309":"p","1310":"r","1311":"i","1312":"m","1313":"a","1314":"r","1315":"y","1316":" ","1317":"{","1318":"\\","1319":"r","1320":"\\","1321":"n","1322":" ","1323":" ","1324":"@","1325":"a","1326":"p","1327":"p","1328":"l","1329":"y","1330":" ","1331":"t","1332":"e","1333":"x","1334":"t","1335":"-","1336":"w","1337":"h","1338":"i","1339":"t","1340":"e","1341":" ","1342":"b","1343":"g","1344":"-","1345":"b","1346":"r","1347":"a","1348":"n","1349":"d","1350":"-","1351":"b","1352":"l","1353":"u","1354":"e","1355":"-","1356":"1","1357":" ","1358":"h","1359":"o","1360":"v","1361":"e","1362":"r","1363":":","1364":"s","1365":"h","1366":"a","1367":"d","1368":"o","1369":"w","1370":"-","1371":"b","1372":"l","1373":"u","1374":"e","1375":";","1376":"\\","1377":"r","1378":"\\","1379":"n","1380":"}","1381":"\\","1382":"r","1383":"\\","1384":"n","1385":".","1386":"s","1387":"e","1388":"c","1389":"o","1390":"n","1391":"d","1392":"a","1393":"r","1394":"y","1395":" ","1396":"{","1397":"\\","1398":"r","1399":"\\","1400":"n","1401":" ","1402":" ","1403":"@","1404":"a","1405":"p","1406":"p","1407":"l","1408":"y","1409":" ","1410":"t","1411":"e","1412":"x","1413":"t","1414":"-","1415":"b","1416":"r","1417":"a","1418":"n","1419":"d","1420":"-","1421":"b","1422":"l","1423":"u","1424":"e","1425":"-","1426":"1","1427":" ","1428":"b","1429":"g","1430":"-","1431":"t","1432":"r","1433":"a","1434":"n","1435":"s","1436":"p","1437":"a","1438":"r","1439":"e","1440":"n","1441":"t","1442":" ","1443":"h","1444":"o","1445":"v","1446":"e","1447":"r","1448":":","1449":"b","1450":"g","1451":"-","1452":"b","1453":"r","1454":"a","1455":"n","1456":"d","1457":"-","1458":"b","1459":"l","1460":"u","1461":"e","1462":"-","1463":"2","1464":" ","1465":"h","1466":"o","1467":"v","1468":"e","1469":"r","1470":":","1471":"t","1472":"e","1473":"x","1474":"t","1475":"-","1476":"w","1477":"h","1478":"i","1479":"t","1480":"e","1481":";","1482":"\\","1483":"r","1484":"\\","1485":"n","1486":"}","1487":"\\","1488":"r","1489":"\\","1490":"n","1491":"<","1492":"/","1493":"s","1494":"t","1495":"y","1496":"l","1497":"e","1498":">","1499":"\\","1500":"r","1501":"\\","1502":"n","1503":"\"","1504":"]","1505":"}"},"_coverageSchema":"1a1c01bbd47fc00a2c39e90264f33305004495a9","hash":"5cf3ca8d23e2861621e930b3ddd57dfff1dc7f07"}
,"C:\\Users\\91738\\Desktop\\job-search\\src\\components\\MainNav.vue": {"path":"C:\\Users\\91738\\Desktop\\job-search\\src\\components\\MainNav.vue","statementMap":{"0":{"start":{"line":4,"column":29},"end":{"line":4,"column":142}},"1":{"start":{"line":5,"column":0},"end":{"line":7,"column":3}},"2":{"start":{"line":8,"column":0},"end":{"line":8,"column":25}},"3":{"start":{"line":54,"column":0},"end":{"line":54,"column":13}},"4":{"start":{"line":56,"column":0},"end":{"line":58,"column":3}},"5":{"start":{"line":59,"column":0},"end":{"line":59,"column":24}},"6":{"start":{"line":60,"column":11},"end":{"line":60,"column":25}},"7":{"start":{"line":61,"column":19},"end":{"line":63,"column":1}},"8":{"start":{"line":64,"column":19},"end":{"line":66,"column":1}},"9":{"start":{"line":67,"column":19},"end":{"line":69,"column":1}},"10":{"start":{"line":70,"column":19},"end":{"line":70,"column":27}},"11":{"start":{"line":71,"column":19},"end":{"line":73,"column":1}},"12":{"start":{"line":74,"column":19},"end":{"line":76,"column":1}},"13":{"start":{"line":77,"column":19},"end":{"line":80,"column":1}},"14":{"start":{"line":81,"column":19},"end":{"line":83,"column":1}},"15":{"start":{"line":85,"column":34},"end":{"line":85,"column":76}},"16":{"start":{"line":86,"column":35},"end":{"line":86,"column":78}},"17":{"start":{"line":87,"column":28},"end":{"line":87,"column":64}},"18":{"start":{"line":88,"column":2},"end":{"line":109,"column":55}},"19":{"start":{"line":92,"column":4},"end":{"line":96,"column":107}},"20":{"start":{"line":110,"column":2},"end":{"line":110,"column":49}}},"fnMap":{"0":{"name":"render","decl":{"start":{"line":84,"column":9},"end":{"line":84,"column":15}},"loc":{"start":{"line":84,"column":30},"end":{"line":110,"column":1}},"line":84},"1":{"name":"(anonymous_1)","decl":{"start":{"line":91,"column":292},"end":{"line":91,"column":293}},"loc":{"start":{"line":91,"column":304},"end":{"line":97,"column":3}},"line":91}},"branchMap":{"0":{"loc":{"start":{"line":97,"column":87},"end":{"line":106,"column":39}},"type":"cond-expr","locations":[{"start":{"line":97,"column":106},"end":{"line":100,"column":4}},{"start":{"line":100,"column":9},"end":{"line":106,"column":38}}],"line":97},"1":{"loc":{"start":{"line":106,"column":45},"end":{"line":109,"column":50}},"type":"cond-expr","locations":[{"start":{"line":106,"column":64},"end":{"line":109,"column":4}},{"start":{"line":109,"column":8},"end":{"line":109,"column":50}}],"line":106}},"s":{"0":1,"1":1,"2":1,"3":1,"4":1,"5":1,"6":1,"7":1,"8":1,"9":1,"10":1,"11":1,"12":1,"13":1,"14":1,"15":7,"16":7,"17":7,"18":7,"19":42,"20":1},"f":{"0":7,"1":42},"b":{"0":[2,5],"1":[2,5]},"inputSourceMap":{"0":"{","1":"\"","2":"v","3":"e","4":"r","5":"s","6":"i","7":"o","8":"n","9":"\"","10":":","11":"3","12":",","13":"\"","14":"s","15":"o","16":"u","17":"r","18":"c","19":"e","20":"s","21":"\"","22":":","23":"[","24":"\"","25":"C","26":":","27":"\\","28":"\\","29":"U","30":"s","31":"e","32":"r","33":"s","34":"\\","35":"\\","36":"9","37":"1","38":"7","39":"3","40":"8","41":"\\","42":"\\","43":"D","44":"e","45":"s","46":"k","47":"t","48":"o","49":"p","50":"\\","51":"\\","52":"j","53":"o","54":"b","55":"-","56":"s","57":"e","58":"a","59":"r","60":"c","61":"h","62":"\\","63":"\\","64":"s","65":"r","66":"c","67":"\\","68":"\\","69":"c","70":"o","71":"m","72":"p","73":"o","74":"n","75":"e","76":"n","77":"t","78":"s","79":"\\","80":"\\","81":"M","82":"a","83":"i","84":"n","85":"N","86":"a","87":"v","88":".","89":"v","90":"u","91":"e","92":"\"","93":"]","94":",","95":"\"","96":"n","97":"a","98":"m","99":"e","100":"s","101":"\"","102":":","103":"[","104":"]","105":",","106":"\"","107":"m","108":"a","109":"p","110":"p","111":"i","112":"n","113":"g","114":"s","115":"\"","116":":","117":"\"","118":";","119":";","120":";","121":";","122":";","123":";","124":";","125":";","126":"A","127":"A","128":"w","129":"C","130":"A","131":";","132":"A","133":"A","134":"A","135":"A","136":";","137":"A","138":"A","139":"A","140":"A","141":";","142":"A","143":"A","144":"C","145":"A","146":";","147":"A","148":"A","149":"A","150":"A","151":";","152":"A","153":"A","154":"A","155":"A","156":";","157":"A","158":"A","159":"C","160":"A","161":";","162":"A","163":"A","164":"A","165":"A","166":";","167":"A","168":"A","169":"A","170":"A","171":";","172":"A","173":"A","174":"A","175":"6","176":"C","177":";","178":"A","179":"A","180":"A","181":"A","182":",","183":"e","184":"A","185":"C","186":"9","187":"B","188":";","189":"E","190":"A","191":"C","192":"b","193":",","194":"I","195":"A","196":"A","197":"I","198":",","199":"E","200":"A","201":"A","202":"E","203":",","204":"S","205":"A","206":"A","207":"S","208":";","209":"E","210":"A","211":"C","212":"f","213":",","214":"U","215":"A","216":"A","217":"U","218":",","219":"E","220":"A","221":"A","222":"E","223":";","224":"I","225":"A","226":"C","227":"V","228":",","229":"Y","230":"A","231":"A","232":"Y","233":";","234":"I","235":"A","236":"A","237":"Z","238":";","239":"I","240":"A","241":"A","242":"A","243":";","244":"I","245":"A","246":"A","247":"A","248":";","249":"I","250":"A","251":"A","252":"A","253":",","254":"O","255":"A","256":"A","257":"Y","258":";","259":"I","260":"A","261":"C","262":"Z","263":",","264":"Y","265":"A","266":"A","267":"Y","268":";","269":"I","270":"A","271":"A","272":"Z","273":";","274":"I","275":"A","276":"A","277":"A","278":";","279":"I","280":"A","281":"A","282":"A","283":";","284":"I","285":"A","286":"A","287":"A","288":",","289":"O","290":"A","291":"A","292":"Y","293":";","294":"I","295":"A","296":"C","297":"Z","298":",","299":"M","300":"A","301":"A","302":"M","303":";","304":"I","305":"A","306":"A","307":"N","308":";","309":"I","310":"A","311":"A","312":"A","313":";","314":"I","315":"A","316":"A","317":"A","318":";","319":"I","320":"A","321":"A","322":"A","323":";","324":"E","325":"A","326":"C","327":"F","328":",","329":"C","330":"A","331":"A","332":"C","333":";","334":"E","335":"A","336":"C","337":"D","338":",","339":"I","340":"A","341":"A","342":"I","343":",","344":"G","345":"A","346":"A","347":"G","348":";","349":"I","350":"A","351":"C","352":"L","353":",","354":"O","355":"A","356":"A","357":"O","358":";","359":"M","360":"A","361":"C","362":"L","363":",","364":"O","365":"A","366":"A","367":"O","368":",","369":"E","370":"A","371":"A","372":"E","373":",","374":"e","375":"A","376":"A","377":"e","378":";","379":"M","380":"A","381":"C","382":"x","383":"B","384":",","385":"G","386":"A","387":"A","388":"G","389":",","390":"E","391":"A","392":"A","393":"E","394":",","395":"w","396":"B","397":"A","398":"A","399":"w","400":"B","401":";","402":"M","403":"A","404":"C","405":"7","406":"B","407":",","408":"S","409":"A","410":"A","411":"S","412":",","413":"E","414":"A","415":"A","416":"E","417":",","418":"C","419":"A","420":"C","421":"T","422":",","423":"O","424":"A","425":"A","426":"O","427":",","428":"E","429":"A","430":"C","431":"P","432":",","433":"W","434":"A","435":"A","436":"W","437":",","438":"E","439":"A","440":"C","441":"X","442":",","443":"g","444":"B","445":"A","446":"A","447":"g","448":"B","449":",","450":"E","451":"A","452":"C","453":"h","454":"B","455":",","456":"a","457":"A","458":"A","459":"a","460":",","461":"E","462":"A","463":"C","464":"b","465":",","466":"U","467":"A","468":"A","469":"U","470":",","471":"E","472":"A","473":"C","474":"V","475":",","476":"M","477":"A","478":"A","479":"M","480":",","481":"C","482":"A","483":"C","484":"P","485":";","486":"M","487":"A","488":"C","489":"D","490":",","491":"U","492":"A","493":"A","494":"U","495":",","496":"E","497":"A","498":"A","499":"E","500":";","501":"I","502":"A","503":"C","504":"d","505":",","506":"C","507":"A","508":"A","509":"C","510":";","511":"E","512":"A","513":"C","514":"H","515":",","516":"C","517":"A","518":"A","519":"C","520":";","521":"E","522":"A","523":"C","524":"D","525":",","526":"O","527":"A","528":"A","529":"O","530":",","531":"E","532":"A","533":"A","534":"E","535":";","536":"I","537":"A","538":"C","539":"P","540":",","541":"S","542":"A","543":"A","544":"S","545":",","546":"G","547":"A","548":"A","549":"G","550":";","551":"M","552":"A","553":"C","554":"V","555":",","556":"I","557":"A","558":"A","559":"I","560":",","561":"C","562":"A","563":"A","564":"C","565":",","566":"U","567":"A","568":"A","569":"U","570":",","571":"G","572":"A","573":"A","574":"G","575":",","576":"I","577":"A","578":"A","579":"I","580":";","581":"I","582":"A","583":"C","584":"x","585":"B","586":";","587":"E","588":"A","589":"C","590":"F","591":";","592":"A","593":"A","594":"C","595":"F","596":",","597":"C","598":"A","599":"A","600":"C","601":";","602":"A","603":"A","604":"A","605":"A","606":";","607":"A","608":"A","609":"A","610":"A","611":"\"","612":",","613":"\"","614":"f","615":"i","616":"l","617":"e","618":"\"","619":":","620":"\"","621":"C","622":":","623":"\\","624":"\\","625":"U","626":"s","627":"e","628":"r","629":"s","630":"\\","631":"\\","632":"9","633":"1","634":"7","635":"3","636":"8","637":"\\","638":"\\","639":"D","640":"e","641":"s","642":"k","643":"t","644":"o","645":"p","646":"\\","647":"\\","648":"j","649":"o","650":"b","651":"-","652":"s","653":"e","654":"a","655":"r","656":"c","657":"h","658":"\\","659":"\\","660":"s","661":"r","662":"c","663":"\\","664":"\\","665":"c","666":"o","667":"m","668":"p","669":"o","670":"n","671":"e","672":"n","673":"t","674":"s","675":"\\","676":"\\","677":"M","678":"a","679":"i","680":"n","681":"N","682":"a","683":"v","684":".","685":"v","686":"u","687":"e","688":"\"","689":",","690":"\"","691":"s","692":"o","693":"u","694":"r","695":"c","696":"e","697":"s","698":"C","699":"o","700":"n","701":"t","702":"e","703":"n","704":"t","705":"\"","706":":","707":"[","708":"\"","709":"<","710":"t","711":"e","712":"m","713":"p","714":"l","715":"a","716":"t","717":"e","718":">","719":"\\","720":"r","721":"\\","722":"n","723":" ","724":" ","725":"<","726":"h","727":"e","728":"a","729":"d","730":"e","731":"r","732":" ","733":"c","734":"l","735":"a","736":"s","737":"s","738":"=","739":"\\","740":"\"","741":"w","742":"-","743":"f","744":"u","745":"l","746":"l","747":" ","748":"t","749":"e","750":"x","751":"t","752":"-","753":"s","754":"m","755":"\\","756":"\"","757":">","758":"\\","759":"r","760":"\\","761":"n","762":" ","763":" ","764":" ","765":" ","766":"<","767":"d","768":"i","769":"v","770":" ","771":"c","772":"l","773":"a","774":"s","775":"s","776":"=","777":"\\","778":"\"","779":"f","780":"i","781":"x","782":"e","783":"d","784":" ","785":"t","786":"o","787":"p","788":"-","789":"0","790":" ","791":"l","792":"e","793":"f","794":"t","795":"-","796":"0","797":" ","798":"h","799":"-","800":"1","801":"6","802":" ","803":"w","804":"-","805":"f","806":"u","807":"l","808":"l","809":" ","810":"b","811":"g","812":"-","813":"w","814":"h","815":"i","816":"t","817":"e","818":"\\","819":"\"","820":">","821":"\\","822":"r","823":"\\","824":"n","825":" ","826":" ","827":" ","828":" ","829":" ","830":" ","831":"<","832":"d","833":"i","834":"v","835":"\\","836":"r","837":"\\","838":"n","839":" ","840":" ","841":" ","842":" ","843":" ","844":" ","845":" ","846":" ","847":"c","848":"l","849":"a","850":"s","851":"s","852":"=","853":"\\","854":"\"","855":"f","856":"l","857":"e","858":"x","859":" ","860":"f","861":"l","862":"e","863":"x","864":"-","865":"n","866":"o","867":"w","868":"r","869":"a","870":"p","871":" ","872":"h","873":"-","874":"f","875":"u","876":"l","877":"l","878":" ","879":"p","880":"x","881":"-","882":"8","883":" ","884":"m","885":"x","886":"-","887":"a","888":"u","889":"t","890":"o","891":" ","892":"b","893":"o","894":"r","895":"d","896":"e","897":"r","898":"-","899":"b","900":" ","901":"b","902":"o","903":"r","904":"d","905":"e","906":"r","907":"-","908":"s","909":"o","910":"l","911":"i","912":"d","913":" ","914":"b","915":"o","916":"r","917":"d","918":"e","919":"r","920":"-","921":"b","922":"r","923":"a","924":"n","925":"d","926":"-","927":"g","928":"r","929":"a","930":"y","931":"-","932":"1","933":"\\","934":"\"","935":"\\","936":"r","937":"\\","938":"n","939":" ","940":" ","941":" ","942":" ","943":" ","944":" ","945":">","946":"\\","947":"r","948":"\\","949":"n","950":" ","951":" ","952":" ","953":" ","954":" ","955":" ","956":" ","957":" ","958":"<","959":"a","960":" ","961":":","962":"h","963":"r","964":"e","965":"f","966":"=","967":"\\","968":"\"","969":"u","970":"r","971":"l","972":"\\","973":"\"","974":" ","975":"c","976":"l","977":"a","978":"s","979":"s","980":"=","981":"\\","982":"\"","983":"f","984":"l","985":"e","986":"x","987":" ","988":"i","989":"t","990":"e","991":"m","992":"s","993":"-","994":"c","995":"e","996":"n","997":"t","998":"e","999":"r","1000":" ","1001":"h","1002":"-","1003":"f","1004":"u","1005":"l","1006":"l","1007":" ","1008":"t","1009":"e","1010":"x","1011":"t","1012":"-","1013":"x","1014":"l","1015":"\\","1016":"\"","1017":">","1018":"{","1019":"{","1020":"\\","1021":"r","1022":"\\","1023":"n","1024":" ","1025":" ","1026":" ","1027":" ","1028":" ","1029":" ","1030":" ","1031":" ","1032":" ","1033":" ","1034":"c","1035":"o","1036":"m","1037":"p","1038":"a","1039":"n","1040":"y","1041":"\\","1042":"r","1043":"\\","1044":"n","1045":" ","1046":" ","1047":" ","1048":" ","1049":" ","1050":" ","1051":" ","1052":" ","1053":"}","1054":"}","1055":"<","1056":"/","1057":"a","1058":">","1059":"\\","1060":"r","1061":"\\","1062":"n","1063":" ","1064":" ","1065":" ","1066":" ","1067":" ","1068":" ","1069":" ","1070":" ","1071":"<","1072":"n","1073":"a","1074":"v","1075":" ","1076":"c","1077":"l","1078":"a","1079":"s","1080":"s","1081":"=","1082":"\\","1083":"\"","1084":"h","1085":"-","1086":"f","1087":"u","1088":"l","1089":"l","1090":" ","1091":"m","1092":"l","1093":"-","1094":"1","1095":"2","1096":"\\","1097":"\"","1098":">","1099":"\\","1100":"r","1101":"\\","1102":"n","1103":" ","1104":" ","1105":" ","1106":" ","1107":" ","1108":" ","1109":" ","1110":" ","1111":" ","1112":" ","1113":"<","1114":"u","1115":"l","1116":" ","1117":"c","1118":"l","1119":"a","1120":"s","1121":"s","1122":"=","1123":"\\","1124":"\"","1125":"f","1126":"l","1127":"e","1128":"x","1129":" ","1130":"h","1131":"-","1132":"f","1133":"u","1134":"l","1135":"l","1136":" ","1137":"p","1138":"-","1139":"0","1140":" ","1141":"m","1142":"-","1143":"0","1144":" ","1145":"l","1146":"i","1147":"s","1148":"t","1149":"-","1150":"n","1151":"o","1152":"n","1153":"e","1154":"\\","1155":"\"","1156":">","1157":"\\","1158":"r","1159":"\\","1160":"n","1161":" ","1162":" ","1163":" ","1164":" ","1165":" ","1166":" ","1167":" ","1168":" ","1169":" ","1170":" ","1171":" ","1172":" ","1173":"<","1174":"l","1175":"i","1176":"\\","1177":"r","1178":"\\","1179":"n","1180":" ","1181":" ","1182":" ","1183":" ","1184":" ","1185":" ","1186":" ","1187":" ","1188":" ","1189":" ","1190":" ","1191":" ","1192":" ","1193":" ","1194":"v","1195":"-","1196":"f","1197":"o","1198":"r","1199":"=","1200":"\\","1201":"\"","1202":"m","1203":"e","1204":"n","1205":"u","1206":"I","1207":"t","1208":"e","1209":"m","1210":" ","1211":"i","1212":"n","1213":" ","1214":"m","1215":"e","1216":"n","1217":"u","1218":"I","1219":"t","1220":"e","1221":"m","1222":"s","1223":"\\","1224":"\"","1225":"\\","1226":"r","1227":"\\","1228":"n","1229":" ","1230":" ","1231":" ","1232":" ","1233":" ","1234":" ","1235":" ","1236":" ","1237":" ","1238":" ","1239":" ","1240":" ","1241":" ","1242":" ","1243":":","1244":"k","1245":"e","1246":"y","1247":"=","1248":"\\","1249":"\"","1250":"m","1251":"e","1252":"n","1253":"u","1254":"I","1255":"t","1256":"e","1257":"m","1258":"\\","1259":"\"","1260":"\\","1261":"r","1262":"\\","1263":"n","1264":" ","1265":" ","1266":" ","1267":" ","1268":" ","1269":" ","1270":" ","1271":" ","1272":" ","1273":" ","1274":" ","1275":" ","1276":" ","1277":" ","1278":"c","1279":"l","1280":"a","1281":"s","1282":"s","1283":"=","1284":"\\","1285":"\"","1286":"h","1287":"-","1288":"f","1289":"u","1290":"l","1291":"l","1292":" ","1293":"m","1294":"l","1295":"-","1296":"9","1297":" ","1298":"f","1299":"i","1300":"r","1301":"s","1302":"t","1303":":","1304":"m","1305":"l","1306":"-","1307":"0","1308":"\\","1309":"\"","1310":"\\","1311":"r","1312":"\\","1313":"n","1314":" ","1315":" ","1316":" ","1317":" ","1318":" ","1319":" ","1320":" ","1321":" ","1322":" ","1323":" ","1324":" ","1325":" ","1326":" ","1327":" ","1328":"d","1329":"a","1330":"t","1331":"a","1332":"-","1333":"t","1334":"e","1335":"s","1336":"t","1337":"=","1338":"\\","1339":"\"","1340":"m","1341":"a","1342":"i","1343":"n","1344":"-","1345":"n","1346":"a","1347":"v","1348":"-","1349":"l","1350":"i","1351":"s","1352":"t","1353":"-","1354":"i","1355":"t","1356":"e","1357":"m","1358":"\\","1359":"\"","1360":"\\","1361":"r","1362":"\\","1363":"n","1364":" ","1365":" ","1366":" ","1367":" ","1368":" ","1369":" ","1370":" ","1371":" ","1372":" ","1373":" ","1374":" ","1375":" ","1376":">","1377":"\\","1378":"r","1379":"\\","1380":"n","1381":" ","1382":" ","1383":" ","1384":" ","1385":" ","1386":" ","1387":" ","1388":" ","1389":" ","1390":" ","1391":" ","1392":" ","1393":" ","1394":" ","1395":"<","1396":"a","1397":" ","1398":"h","1399":"r","1400":"e","1401":"f","1402":"=","1403":"\\","1404":"\"","1405":"\\","1406":"\"","1407":" ","1408":"c","1409":"l","1410":"a","1411":"s","1412":"s","1413":"=","1414":"\\","1415":"\"","1416":"f","1417":"l","1418":"e","1419":"x","1420":" ","1421":"i","1422":"t","1423":"e","1424":"m","1425":"s","1426":"-","1427":"c","1428":"e","1429":"n","1430":"t","1431":"e","1432":"r","1433":" ","1434":"h","1435":"-","1436":"f","1437":"u","1438":"l","1439":"l","1440":" ","1441":"p","1442":"y","1443":"-","1444":"2","1445":".","1446":"5","1447":"\\","1448":"\"","1449":">","1450":"{","1451":"{","1452":"\\","1453":"r","1454":"\\","1455":"n","1456":" ","1457":" ","1458":" ","1459":" ","1460":" ","1461":" ","1462":" ","1463":" ","1464":" ","1465":" ","1466":" ","1467":" ","1468":" ","1469":" ","1470":" ","1471":" ","1472":"m","1473":"e","1474":"n","1475":"u","1476":"I","1477":"t","1478":"e","1479":"m","1480":"\\","1481":"r","1482":"\\","1483":"n","1484":" ","1485":" ","1486":" ","1487":" ","1488":" ","1489":" ","1490":" ","1491":" ","1492":" ","1493":" ","1494":" ","1495":" ","1496":" ","1497":" ","1498":"}","1499":"}","1500":"<","1501":"/","1502":"a","1503":">","1504":"\\","1505":"r","1506":"\\","1507":"n","1508":" ","1509":" ","1510":" ","1511":" ","1512":" ","1513":" ","1514":" ","1515":" ","1516":" ","1517":" ","1518":" ","1519":" ","1520":"<","1521":"/","1522":"l","1523":"i","1524":">","1525":"\\","1526":"r","1527":"\\","1528":"n","1529":" ","1530":" ","1531":" ","1532":" ","1533":" ","1534":" ","1535":" ","1536":" ","1537":" ","1538":" ","1539":"<","1540":"/","1541":"u","1542":"l","1543":">","1544":"\\","1545":"r","1546":"\\","1547":"n","1548":" ","1549":" ","1550":" ","1551":" ","1552":" ","1553":" ","1554":" ","1555":" ","1556":"<","1557":"/","1558":"n","1559":"a","1560":"v","1561":">","1562":"\\","1563":"r","1564":"\\","1565":"n","1566":" ","1567":" ","1568":" ","1569":" ","1570":" ","1571":" ","1572":" ","1573":" ","1574":"<","1575":"d","1576":"i","1577":"v","1578":" ","1579":"c","1580":"l","1581":"a","1582":"s","1583":"s","1584":"=","1585":"\\","1586":"\"","1587":"f","1588":"l","1589":"e","1590":"x","1591":" ","1592":"i","1593":"t","1594":"e","1595":"m","1596":"s","1597":"-","1598":"c","1599":"e","1600":"n","1601":"t","1602":"e","1603":"r","1604":" ","1605":"m","1606":"l","1607":"-","1608":"a","1609":"u","1610":"t","1611":"o","1612":" ","1613":"h","1614":"-","1615":"f","1616":"u","1617":"l","1618":"l","1619":"\\","1620":"\"","1621":">","1622":"\\","1623":"r","1624":"\\","1625":"n","1626":" ","1627":" ","1628":" ","1629":" ","1630":" ","1631":" ","1632":" ","1633":" ","1634":" ","1635":" ","1636":"<","1637":"P","1638":"r","1639":"o","1640":"f","1641":"i","1642":"l","1643":"e","1644":"I","1645":"m","1646":"a","1647":"g","1648":"e","1649":" ","1650":"v","1651":"-","1652":"i","1653":"f","1654":"=","1655":"\\","1656":"\"","1657":"i","1658":"s","1659":"L","1660":"o","1661":"g","1662":"g","1663":"e","1664":"d","1665":"I","1666":"n","1667":"\\","1668":"\"","1669":" ","1670":"d","1671":"a","1672":"t","1673":"a","1674":"-","1675":"t","1676":"e","1677":"s","1678":"t","1679":"=","1680":"\\","1681":"\"","1682":"p","1683":"r","1684":"o","1685":"f","1686":"i","1687":"l","1688":"e","1689":"-","1690":"i","1691":"m","1692":"a","1693":"g","1694":"e","1695":"\\","1696":"\"","1697":" ","1698":"/","1699":">","1700":"\\","1701":"r","1702":"\\","1703":"n","1704":" ","1705":" ","1706":" ","1707":" ","1708":" ","1709":" ","1710":" ","1711":" ","1712":" ","1713":" ","1714":"<","1715":"a","1716":"c","1717":"t","1718":"i","1719":"o","1720":"n","1721":"-","1722":"b","1723":"u","1724":"t","1725":"t","1726":"o","1727":"n","1728":"\\","1729":"r","1730":"\\","1731":"n","1732":" ","1733":" ","1734":" ","1735":" ","1736":" ","1737":" ","1738":" ","1739":" ","1740":" ","1741":" ","1742":" ","1743":" ","1744":"v","1745":"-","1746":"e","1747":"l","1748":"s","1749":"e","1750":"\\","1751":"r","1752":"\\","1753":"n","1754":" ","1755":" ","1756":" ","1757":" ","1758":" ","1759":" ","1760":" ","1761":" ","1762":" ","1763":" ","1764":" ","1765":" ","1766":"t","1767":"e","1768":"x","1769":"t","1770":"=","1771":"\\","1772":"\"","1773":"S","1774":"i","1775":"g","1776":"n","1777":" ","1778":"i","1779":"n","1780":"\\","1781":"\"","1782":"\\","1783":"r","1784":"\\","1785":"n","1786":" ","1787":" ","1788":" ","1789":" ","1790":" ","1791":" ","1792":" ","1793":" ","1794":" ","1795":" ","1796":" ","1797":" ","1798":"t","1799":"y","1800":"p","1801":"e","1802":"=","1803":"\\","1804":"\"","1805":"p","1806":"r","1807":"i","1808":"m","1809":"a","1810":"r","1811":"y","1812":"\\","1813":"\"","1814":"\\","1815":"r","1816":"\\","1817":"n","1818":" ","1819":" ","1820":" ","1821":" ","1822":" ","1823":" ","1824":" ","1825":" ","1826":" ","1827":" ","1828":" ","1829":" ","1830":"d","1831":"a","1832":"t","1833":"a","1834":"-","1835":"t","1836":"e","1837":"s","1838":"t","1839":"=","1840":"\\","1841":"\"","1842":"l","1843":"o","1844":"g","1845":"i","1846":"n","1847":"-","1848":"b","1849":"u","1850":"t","1851":"t","1852":"o","1853":"n","1854":"\\","1855":"\"","1856":"\\","1857":"r","1858":"\\","1859":"n","1860":" ","1861":" ","1862":" ","1863":" ","1864":" ","1865":" ","1866":" ","1867":" ","1868":" ","1869":" ","1870":" ","1871":" ","1872":"@","1873":"c","1874":"l","1875":"i","1876":"c","1877":"k","1878":"=","1879":"\\","1880":"\"","1881":"l","1882":"o","1883":"g","1884":"i","1885":"n","1886":"U","1887":"s","1888":"e","1889":"r","1890":"\\","1891":"\"","1892":"\\","1893":"r","1894":"\\","1895":"n","1896":" ","1897":" ","1898":" ","1899":" ","1900":" ","1901":" ","1902":" ","1903":" ","1904":" ","1905":" ","1906":"/","1907":">","1908":"\\","1909":"r","1910":"\\","1911":"n","1912":" ","1913":" ","1914":" ","1915":" ","1916":" ","1917":" ","1918":" ","1919":" ","1920":"<","1921":"/","1922":"d","1923":"i","1924":"v","1925":">","1926":"\\","1927":"r","1928":"\\","1929":"n","1930":" ","1931":" ","1932":" ","1933":" ","1934":" ","1935":" ","1936":"<","1937":"/","1938":"d","1939":"i","1940":"v","1941":">","1942":"\\","1943":"r","1944":"\\","1945":"n","1946":" ","1947":" ","1948":" ","1949":" ","1950":" ","1951":" ","1952":"<","1953":"S","1954":"u","1955":"b","1956":"n","1957":"a","1958":"v","1959":" ","1960":"v","1961":"-","1962":"i","1963":"f","1964":"=","1965":"\\","1966":"\"","1967":"i","1968":"s","1969":"L","1970":"o","1971":"g","1972":"g","1973":"e","1974":"d","1975":"I","1976":"n","1977":"\\","1978":"\"","1979":" ","1980":"d","1981":"a","1982":"t","1983":"a","1984":"-","1985":"t","1986":"e","1987":"s","1988":"t","1989":"=","1990":"\\","1991":"\"","1992":"s","1993":"u","1994":"b","1995":"n","1996":"a","1997":"v","1998":"\\","1999":"\"","2000":" ","2001":"/","2002":">","2003":"\\","2004":"r","2005":"\\","2006":"n","2007":" ","2008":" ","2009":" ","2010":" ","2011":"<","2012":"/","2013":"d","2014":"i","2015":"v","2016":">","2017":"\\","2018":"r","2019":"\\","2020":"n","2021":" ","2022":" ","2023":"<","2024":"/","2025":"h","2026":"e","2027":"a","2028":"d","2029":"e","2030":"r","2031":">","2032":"\\","2033":"r","2034":"\\","2035":"n","2036":"<","2037":"/","2038":"t","2039":"e","2040":"m","2041":"p","2042":"l","2043":"a","2044":"t","2045":"e","2046":">","2047":"\\","2048":"r","2049":"\\","2050":"n","2051":"\\","2052":"r","2053":"\\","2054":"n","2055":"<","2056":"s","2057":"c","2058":"r","2059":"i","2060":"p","2061":"t","2062":">","2063":"\\","2064":"r","2065":"\\","2066":"n","2067":"i","2068":"m","2069":"p","2070":"o","2071":"r","2072":"t","2073":" ","2074":"A","2075":"c","2076":"t","2077":"i","2078":"o","2079":"n","2080":"B","2081":"u","2082":"t","2083":"t","2084":"o","2085":"n","2086":" ","2087":"f","2088":"r","2089":"o","2090":"m","2091":" ","2092":"\\","2093":"\"","2094":"@","2095":"/","2096":"c","2097":"o","2098":"m","2099":"p","2100":"o","2101":"n","2102":"e","2103":"n","2104":"t","2105":"s","2106":"/","2107":"A","2108":"c","2109":"t","2110":"i","2111":"o","2112":"n","2113":"B","2114":"u","2115":"t","2116":"t","2117":"o","2118":"n","2119":".","2120":"v","2121":"u","2122":"e","2123":"\\","2124":"\"","2125":";","2126":"\\","2127":"r","2128":"\\","2129":"n","2130":"i","2131":"m","2132":"p","2133":"o","2134":"r","2135":"t","2136":" ","2137":"P","2138":"r","2139":"o","2140":"f","2141":"i","2142":"l","2143":"e","2144":"I","2145":"m","2146":"a","2147":"g","2148":"e","2149":" ","2150":"f","2151":"r","2152":"o","2153":"m","2154":" ","2155":"\\","2156":"\"","2157":"@","2158":"/","2159":"c","2160":"o","2161":"m","2162":"p","2163":"o","2164":"n","2165":"e","2166":"n","2167":"t","2168":"s","2169":"/","2170":"P","2171":"r","2172":"o","2173":"f","2174":"i","2175":"l","2176":"e","2177":"I","2178":"m","2179":"a","2180":"g","2181":"e","2182":".","2183":"v","2184":"u","2185":"e","2186":"\\","2187":"\"","2188":";","2189":"\\","2190":"r","2191":"\\","2192":"n","2193":"i","2194":"m","2195":"p","2196":"o","2197":"r","2198":"t","2199":" ","2200":"S","2201":"u","2202":"b","2203":"n","2204":"a","2205":"v","2206":" ","2207":"f","2208":"r","2209":"o","2210":"m","2211":" ","2212":"\\","2213":"\"","2214":"@","2215":"/","2216":"c","2217":"o","2218":"m","2219":"p","2220":"o","2221":"n","2222":"e","2223":"n","2224":"t","2225":"s","2226":"/","2227":"S","2228":"u","2229":"b","2230":"n","2231":"a","2232":"v","2233":".","2234":"v","2235":"u","2236":"e","2237":"\\","2238":"\"","2239":";","2240":"\\","2241":"r","2242":"\\","2243":"n","2244":"e","2245":"x","2246":"p","2247":"o","2248":"r","2249":"t","2250":" ","2251":"d","2252":"e","2253":"f","2254":"a","2255":"u","2256":"l","2257":"t","2258":" ","2259":"{","2260":"\\","2261":"r","2262":"\\","2263":"n","2264":" ","2265":" ","2266":"n","2267":"a","2268":"m","2269":"e","2270":":","2271":" ","2272":"\\","2273":"\"","2274":"M","2275":"a","2276":"i","2277":"n","2278":"N","2279":"a","2280":"v","2281":"\\","2282":"\"","2283":",","2284":"\\","2285":"r","2286":"\\","2287":"n","2288":" ","2289":" ","2290":"c","2291":"o","2292":"m","2293":"p","2294":"o","2295":"n","2296":"e","2297":"n","2298":"t","2299":"s","2300":":","2301":" ","2302":"{","2303":"\\","2304":"r","2305":"\\","2306":"n","2307":" ","2308":" ","2309":" ","2310":" ","2311":"A","2312":"c","2313":"t","2314":"i","2315":"o","2316":"n","2317":"B","2318":"u","2319":"t","2320":"t","2321":"o","2322":"n","2323":",","2324":"\\","2325":"r","2326":"\\","2327":"n","2328":" ","2329":" ","2330":" ","2331":" ","2332":"P","2333":"r","2334":"o","2335":"f","2336":"i","2337":"l","2338":"e","2339":"I","2340":"m","2341":"a","2342":"g","2343":"e","2344":",","2345":"\\","2346":"r","2347":"\\","2348":"n","2349":" ","2350":" ","2351":" ","2352":" ","2353":"S","2354":"u","2355":"b","2356":"n","2357":"a","2358":"v","2359":",","2360":"\\","2361":"r","2362":"\\","2363":"n","2364":" ","2365":" ","2366":"}","2367":",","2368":"\\","2369":"r","2370":"\\","2371":"n","2372":" ","2373":" ","2374":"d","2375":"a","2376":"t","2377":"a","2378":"(","2379":")","2380":" ","2381":"{","2382":"\\","2383":"r","2384":"\\","2385":"n","2386":" ","2387":" ","2388":" ","2389":" ","2390":"r","2391":"e","2392":"t","2393":"u","2394":"r","2395":"n","2396":" ","2397":"{","2398":"\\","2399":"r","2400":"\\","2401":"n","2402":" ","2403":" ","2404":" ","2405":" ","2406":" ","2407":" ","2408":"c","2409":"o","2410":"m","2411":"p","2412":"a","2413":"n","2414":"y","2415":":","2416":" ","2417":"\\","2418":"\"","2419":"B","2420":"r","2421":"i","2422":"g","2423":"h","2424":"t","2425":" ","2426":"C","2427":"a","2428":"r","2429":"e","2430":"e","2431":"r","2432":"\\","2433":"\"","2434":",","2435":"\\","2436":"r","2437":"\\","2438":"n","2439":" ","2440":" ","2441":" ","2442":" ","2443":" ","2444":" ","2445":"u","2446":"r","2447":"l","2448":":","2449":" ","2450":"\\","2451":"\"","2452":"h","2453":"t","2454":"t","2455":"p","2456":"s","2457":":","2458":"/","2459":"/","2460":"w","2461":"w","2462":"w","2463":".","2464":"g","2465":"o","2466":"o","2467":"g","2468":"l","2469":"e","2470":".","2471":"c","2472":"o","2473":"m","2474":"\\","2475":"\"","2476":",","2477":"\\","2478":"r","2479":"\\","2480":"n","2481":" ","2482":" ","2483":" ","2484":" ","2485":" ","2486":" ","2487":"m","2488":"e","2489":"n","2490":"u","2491":"I","2492":"t","2493":"e","2494":"m","2495":"s","2496":":","2497":" ","2498":"[","2499":"\\","2500":"r","2501":"\\","2502":"n","2503":" ","2504":" ","2505":" ","2506":" ","2507":" ","2508":" ","2509":" ","2510":" ","2511":"\\","2512":"\"","2513":"T","2514":"e","2515":"a","2516":"m","2517":"s","2518":"\\","2519":"\"","2520":",","2521":"\\","2522":"r","2523":"\\","2524":"n","2525":" ","2526":" ","2527":" ","2528":" ","2529":" ","2530":" ","2531":" ","2532":" ","2533":"\\","2534":"\"","2535":"L","2536":"o","2537":"c","2538":"a","2539":"t","2540":"i","2541":"o","2542":"n","2543":"s","2544":"\\","2545":"\"","2546":",","2547":"\\","2548":"r","2549":"\\","2550":"n","2551":" ","2552":" ","2553":" ","2554":" ","2555":" ","2556":" ","2557":" ","2558":" ","2559":"\\","2560":"\"","2561":"L","2562":"i","2563":"f","2564":"e","2565":" ","2566":"a","2567":"t","2568":" ","2569":"B","2570":"r","2571":"i","2572":"g","2573":"h","2574":"t","2575":"\\","2576":"\"","2577":",","2578":"\\","2579":"r","2580":"\\","2581":"n","2582":" ","2583":" ","2584":" ","2585":" ","2586":" ","2587":" ","2588":" ","2589":" ","2590":"\\","2591":"\"","2592":"H","2593":"o","2594":"w","2595":" ","2596":"w","2597":"e","2598":" ","2599":"h","2600":"i","2601":"r","2602":"e","2603":"\\","2604":"\"","2605":",","2606":"\\","2607":"r","2608":"\\","2609":"n","2610":" ","2611":" ","2612":" ","2613":" ","2614":" ","2615":" ","2616":" ","2617":" ","2618":"\\","2619":"\"","2620":"S","2621":"t","2622":"u","2623":"d","2624":"e","2625":"n","2626":"t","2627":"s","2628":"\\","2629":"\"","2630":",","2631":"\\","2632":"r","2633":"\\","2634":"n","2635":" ","2636":" ","2637":" ","2638":" ","2639":" ","2640":" ","2641":" ","2642":" ","2643":"\\","2644":"\"","2645":"J","2646":"o","2647":"b","2648":"s","2649":"\\","2650":"\"","2651":",","2652":"\\","2653":"r","2654":"\\","2655":"n","2656":" ","2657":" ","2658":" ","2659":" ","2660":" ","2661":" ","2662":"]","2663":",","2664":"\\","2665":"r","2666":"\\","2667":"n","2668":" ","2669":" ","2670":" ","2671":" ","2672":" ","2673":" ","2674":"i","2675":"s","2676":"L","2677":"o","2678":"g","2679":"g","2680":"e","2681":"d","2682":"I","2683":"n","2684":":","2685":" ","2686":"f","2687":"a","2688":"l","2689":"s","2690":"e","2691":",","2692":"\\","2693":"r","2694":"\\","2695":"n","2696":" ","2697":" ","2698":" ","2699":" ","2700":"}","2701":";","2702":"\\","2703":"r","2704":"\\","2705":"n","2706":" ","2707":" ","2708":"}","2709":",","2710":"\\","2711":"r","2712":"\\","2713":"n","2714":" ","2715":" ","2716":"m","2717":"e","2718":"t","2719":"h","2720":"o","2721":"d","2722":"s","2723":":","2724":" ","2725":"{","2726":"\\","2727":"r","2728":"\\","2729":"n","2730":" ","2731":" ","2732":" ","2733":" ","2734":"l","2735":"o","2736":"g","2737":"i","2738":"n","2739":"U","2740":"s","2741":"e","2742":"r","2743":"(","2744":")","2745":" ","2746":"{","2747":"\\","2748":"r","2749":"\\","2750":"n","2751":" ","2752":" ","2753":" ","2754":" ","2755":" ","2756":" ","2757":"t","2758":"h","2759":"i","2760":"s","2761":".","2762":"i","2763":"s","2764":"L","2765":"o","2766":"g","2767":"g","2768":"e","2769":"d","2770":"I","2771":"n","2772":" ","2773":"=","2774":" ","2775":"t","2776":"r","2777":"u","2778":"e","2779":";","2780":"\\","2781":"r","2782":"\\","2783":"n","2784":" ","2785":" ","2786":" ","2787":" ","2788":"}","2789":",","2790":"\\","2791":"r","2792":"\\","2793":"n","2794":" ","2795":" ","2796":"}","2797":",","2798":"\\","2799":"r","2800":"\\","2801":"n","2802":"}","2803":";","2804":"\\","2805":"r","2806":"\\","2807":"n","2808":"<","2809":"/","2810":"s","2811":"c","2812":"r","2813":"i","2814":"p","2815":"t","2816":">","2817":"\\","2818":"r","2819":"\\","2820":"n","2821":"\"","2822":"]","2823":"}"},"_coverageSchema":"1a1c01bbd47fc00a2c39e90264f33305004495a9","hash":"85aba8033d269fa24f9c11a93451b4af45aec217"}
,"C:\\Users\\91738\\Desktop\\job-search\\src\\components\\ProfileImage.vue": {"path":"C:\\Users\\91738\\Desktop\\job-search\\src\\components\\ProfileImage.vue","statementMap":{"0":{"start":{"line":4,"column":0},"end":{"line":6,"column":3}},"1":{"start":{"line":7,"column":0},"end":{"line":7,"column":25}},"2":{"start":{"line":8,"column":15},"end":{"line":15,"column":1}},"3":{"start":{"line":11,"column":4},"end":{"line":13,"column":6}},"4":{"start":{"line":18,"column":0},"end":{"line":18,"column":13}},"5":{"start":{"line":20,"column":0},"end":{"line":22,"column":3}},"6":{"start":{"line":23,"column":0},"end":{"line":23,"column":24}},"7":{"start":{"line":24,"column":11},"end":{"line":24,"column":25}},"8":{"start":{"line":25,"column":19},"end":{"line":25,"column":26}},"9":{"start":{"line":27,"column":2},"end":{"line":30,"column":38}},"10":{"start":{"line":31,"column":2},"end":{"line":31,"column":49}}},"fnMap":{"0":{"name":"(anonymous_0)","decl":{"start":{"line":10,"column":2},"end":{"line":10,"column":3}},"loc":{"start":{"line":10,"column":9},"end":{"line":14,"column":3}},"line":10},"1":{"name":"render","decl":{"start":{"line":26,"column":9},"end":{"line":26,"column":15}},"loc":{"start":{"line":26,"column":30},"end":{"line":31,"column":1}},"line":26}},"branchMap":{},"s":{"0":2,"1":2,"2":2,"3":1,"4":2,"5":2,"6":2,"7":2,"8":2,"9":1,"10":2},"f":{"0":1,"1":1},"b":{},"inputSourceMap":{"0":"{","1":"\"","2":"v","3":"e","4":"r","5":"s","6":"i","7":"o","8":"n","9":"\"","10":":","11":"3","12":",","13":"\"","14":"s","15":"o","16":"u","17":"r","18":"c","19":"e","20":"s","21":"\"","22":":","23":"[","24":"\"","25":"C","26":":","27":"\\","28":"\\","29":"U","30":"s","31":"e","32":"r","33":"s","34":"\\","35":"\\","36":"9","37":"1","38":"7","39":"3","40":"8","41":"\\","42":"\\","43":"D","44":"e","45":"s","46":"k","47":"t","48":"o","49":"p","50":"\\","51":"\\","52":"j","53":"o","54":"b","55":"-","56":"s","57":"e","58":"a","59":"r","60":"c","61":"h","62":"\\","63":"\\","64":"s","65":"r","66":"c","67":"\\","68":"\\","69":"c","70":"o","71":"m","72":"p","73":"o","74":"n","75":"e","76":"n","77":"t","78":"s","79":"\\","80":"\\","81":"P","82":"r","83":"o","84":"f","85":"i","86":"l","87":"e","88":"I","89":"m","90":"a","91":"g","92":"e","93":".","94":"v","95":"u","96":"e","97":"\"","98":"]","99":",","100":"\"","101":"n","102":"a","103":"m","104":"e","105":"s","106":"\"","107":":","108":"[","109":"]","110":",","111":"\"","112":"m","113":"a","114":"p","115":"p","116":"i","117":"n","118":"g","119":"s","120":"\"","121":":","122":"\"","123":";","124":";","125":";","126":";","127":";","128":";","129":";","130":"e","131":"A","132":"K","133":"e","134":";","135":"E","136":"A","137":"C","138":"b","139":",","140":"I","141":"A","142":"A","143":"I","144":",","145":"E","146":"A","147":"A","148":"E","149":",","150":"c","151":"A","152":"A","153":"c","154":";","155":"E","156":"A","157":"C","158":"p","159":"B","160":",","161":"I","162":"A","163":"A","164":"I","165":",","166":"G","167":"A","168":"A","169":"G","170":";","171":"I","172":"A","173":"C","174":"L","175":",","176":"O","177":"A","178":"A","179":"O","180":";","181":"M","182":"A","183":"C","184":"L","185":",","186":"S","187":"A","188":"A","189":"S","190":",","191":"E","192":"A","193":"C","194":"P","195":";","196":"I","197":"A","198":"C","199":"J","200":",","201":"C","202":"A","203":"A","204":"C","205":";","206":"E","207":"A","208":"C","209":"H","210":";","211":"A","212":"A","213":"C","214":"F","215":",","216":"C","217":"A","218":"A","219":"C","220":";","221":"A","222":"A","223":"A","224":"A","225":";","226":"A","227":"A","228":"A","229":"A","230":"\"","231":",","232":"\"","233":"f","234":"i","235":"l","236":"e","237":"\"","238":":","239":"\"","240":"C","241":":","242":"\\","243":"\\","244":"U","245":"s","246":"e","247":"r","248":"s","249":"\\","250":"\\","251":"9","252":"1","253":"7","254":"3","255":"8","256":"\\","257":"\\","258":"D","259":"e","260":"s","261":"k","262":"t","263":"o","264":"p","265":"\\","266":"\\","267":"j","268":"o","269":"b","270":"-","271":"s","272":"e","273":"a","274":"r","275":"c","276":"h","277":"\\","278":"\\","279":"s","280":"r","281":"c","282":"\\","283":"\\","284":"c","285":"o","286":"m","287":"p","288":"o","289":"n","290":"e","291":"n","292":"t","293":"s","294":"\\","295":"\\","296":"P","297":"r","298":"o","299":"f","300":"i","301":"l","302":"e","303":"I","304":"m","305":"a","306":"g","307":"e","308":".","309":"v","310":"u","311":"e","312":"\"","313":",","314":"\"","315":"s","316":"o","317":"u","318":"r","319":"c","320":"e","321":"s","322":"C","323":"o","324":"n","325":"t","326":"e","327":"n","328":"t","329":"\"","330":":","331":"[","332":"\"","333":"<","334":"t","335":"e","336":"m","337":"p","338":"l","339":"a","340":"t","341":"e","342":">","343":"\\","344":"r","345":"\\","346":"n","347":" ","348":" ","349":"<","350":"i","351":"m","352":"g","353":" ","354":":","355":"s","356":"r","357":"c","358":"=","359":"\\","360":"\"","361":"i","362":"m","363":"a","364":"g","365":"e","366":"L","367":"i","368":"n","369":"k","370":"\\","371":"\"","372":" ","373":"c","374":"l","375":"a","376":"s","377":"s","378":"=","379":"\\","380":"\"","381":"w","382":"-","383":"8","384":" ","385":"h","386":"-","387":"8","388":" ","389":"o","390":"b","391":"j","392":"e","393":"c","394":"t","395":"-","396":"c","397":"o","398":"n","399":"t","400":"a","401":"i","402":"n","403":" ","404":"r","405":"o","406":"u","407":"n","408":"d","409":"e","410":"d","411":"-","412":"3","413":"p","414":"x","415":"\\","416":"\"","417":" ","418":"/","419":">","420":"\\","421":"r","422":"\\","423":"n","424":"<","425":"/","426":"t","427":"e","428":"m","429":"p","430":"l","431":"a","432":"t","433":"e","434":">","435":"\\","436":"r","437":"\\","438":"n","439":"\\","440":"r","441":"\\","442":"n","443":"<","444":"s","445":"c","446":"r","447":"i","448":"p","449":"t","450":">","451":"\\","452":"r","453":"\\","454":"n","455":"e","456":"x","457":"p","458":"o","459":"r","460":"t","461":" ","462":"d","463":"e","464":"f","465":"a","466":"u","467":"l","468":"t","469":" ","470":"{","471":"\\","472":"r","473":"\\","474":"n","475":" ","476":" ","477":"n","478":"a","479":"m","480":"e","481":":","482":" ","483":"\\","484":"\"","485":"P","486":"r","487":"o","488":"f","489":"i","490":"l","491":"e","492":"I","493":"m","494":"a","495":"g","496":"e","497":"\\","498":"\"","499":",","500":"\\","501":"r","502":"\\","503":"n","504":" ","505":" ","506":"d","507":"a","508":"t","509":"a","510":"(","511":")","512":" ","513":"{","514":"\\","515":"r","516":"\\","517":"n","518":" ","519":" ","520":" ","521":" ","522":"r","523":"e","524":"t","525":"u","526":"r","527":"n","528":" ","529":"{","530":"\\","531":"r","532":"\\","533":"n","534":" ","535":" ","536":" ","537":" ","538":" ","539":" ","540":"i","541":"m","542":"a","543":"g","544":"e","545":"L","546":"i","547":"n","548":"k","549":":","550":"\\","551":"r","552":"\\","553":"n","554":" ","555":" ","556":" ","557":" ","558":" ","559":" ","560":" ","561":" ","562":"\\","563":"\"","564":"h","565":"t","566":"t","567":"p","568":"s","569":":","570":"/","571":"/","572":"w","573":"w","574":"w","575":".","576":"p","577":"n","578":"g","579":"i","580":"t","581":"e","582":"m","583":".","584":"c","585":"o","586":"m","587":"/","588":"p","589":"i","590":"m","591":"g","592":"s","593":"/","594":"m","595":"/","596":"4","597":"8","598":"7","599":"-","600":"4","601":"8","602":"7","603":"6","604":"4","605":"1","606":"7","607":"_","608":"l","609":"i","610":"n","611":"k","612":"-","613":"h","614":"e","615":"a","616":"d","617":"-","618":"p","619":"n","620":"g","621":"-","622":"t","623":"o","624":"o","625":"n","626":"-","627":"l","628":"i","629":"n","630":"k","631":"-","632":"f","633":"a","634":"c","635":"e","636":"-","637":"p","638":"n","639":"g","640":"-","641":"t","642":"r","643":"a","644":"n","645":"s","646":"p","647":"a","648":"r","649":"e","650":"n","651":"t","652":".","653":"p","654":"n","655":"g","656":"\\","657":"\"","658":",","659":"\\","660":"r","661":"\\","662":"n","663":" ","664":" ","665":" ","666":" ","667":"}","668":";","669":"\\","670":"r","671":"\\","672":"n","673":" ","674":" ","675":"}","676":",","677":"\\","678":"r","679":"\\","680":"n","681":"}","682":";","683":"\\","684":"r","685":"\\","686":"n","687":"<","688":"/","689":"s","690":"c","691":"r","692":"i","693":"p","694":"t","695":">","696":"\\","697":"r","698":"\\","699":"n","700":"\"","701":"]","702":"}"},"_coverageSchema":"1a1c01bbd47fc00a2c39e90264f33305004495a9","hash":"7bca7fd141f50015460bfb784d398f2b6c6d3f5e"}
,"C:\\Users\\91738\\Desktop\\job-search\\src\\components\\Subnav.vue": {"path":"C:\\Users\\91738\\Desktop\\job-search\\src\\components\\Subnav.vue","statementMap":{"0":{"start":{"line":4,"column":0},"end":{"line":6,"column":3}},"1":{"start":{"line":7,"column":0},"end":{"line":7,"column":25}},"2":{"start":{"line":8,"column":15},"end":{"line":15,"column":1}},"3":{"start":{"line":11,"column":4},"end":{"line":13,"column":6}},"4":{"start":{"line":18,"column":0},"end":{"line":18,"column":13}},"5":{"start":{"line":20,"column":0},"end":{"line":22,"column":3}},"6":{"start":{"line":23,"column":0},"end":{"line":23,"column":24}},"7":{"start":{"line":24,"column":11},"end":{"line":24,"column":25}},"8":{"start":{"line":25,"column":19},"end":{"line":27,"column":1}},"9":{"start":{"line":28,"column":19},"end":{"line":32,"column":1}},"10":{"start":{"line":33,"column":32},"end":{"line":35,"column":87}},"11":{"start":{"line":38,"column":39},"end":{"line":38,"column":86}},"12":{"start":{"line":39,"column":2},"end":{"line":42,"column":67}},"13":{"start":{"line":43,"column":2},"end":{"line":43,"column":49}}},"fnMap":{"0":{"name":"(anonymous_0)","decl":{"start":{"line":10,"column":2},"end":{"line":10,"column":3}},"loc":{"start":{"line":10,"column":9},"end":{"line":14,"column":3}},"line":10},"1":{"name":"render","decl":{"start":{"line":37,"column":9},"end":{"line":37,"column":15}},"loc":{"start":{"line":37,"column":30},"end":{"line":43,"column":1}},"line":37}},"branchMap":{"0":{"loc":{"start":{"line":39,"column":81},"end":{"line":42,"column":64}},"type":"cond-expr","locations":[{"start":{"line":39,"column":106},"end":{"line":42,"column":18}},{"start":{"line":42,"column":22},"end":{"line":42,"column":64}}],"line":39}},"s":{"0":2,"1":2,"2":2,"3":2,"4":2,"5":2,"6":2,"7":2,"8":2,"9":2,"10":2,"11":2,"12":2,"13":2},"f":{"0":2,"1":2},"b":{"0":[1,1]},"inputSourceMap":{"0":"{","1":"\"","2":"v","3":"e","4":"r","5":"s","6":"i","7":"o","8":"n","9":"\"","10":":","11":"3","12":",","13":"\"","14":"s","15":"o","16":"u","17":"r","18":"c","19":"e","20":"s","21":"\"","22":":","23":"[","24":"\"","25":"C","26":":","27":"\\","28":"\\","29":"U","30":"s","31":"e","32":"r","33":"s","34":"\\","35":"\\","36":"9","37":"1","38":"7","39":"3","40":"8","41":"\\","42":"\\","43":"D","44":"e","45":"s","46":"k","47":"t","48":"o","49":"p","50":"\\","51":"\\","52":"j","53":"o","54":"b","55":"-","56":"s","57":"e","58":"a","59":"r","60":"c","61":"h","62":"\\","63":"\\","64":"s","65":"r","66":"c","67":"\\","68":"\\","69":"c","70":"o","71":"m","72":"p","73":"o","74":"n","75":"e","76":"n","77":"t","78":"s","79":"\\","80":"\\","81":"S","82":"u","83":"b","84":"n","85":"a","86":"v","87":".","88":"v","89":"u","90":"e","91":"\"","92":"]","93":",","94":"\"","95":"n","96":"a","97":"m","98":"e","99":"s","100":"\"","101":":","102":"[","103":"]","104":",","105":"\"","106":"m","107":"a","108":"p","109":"p","110":"i","111":"n","112":"g","113":"s","114":"\"","115":":","116":"\"","117":";","118":";","119":";","120":";","121":";","122":";","123":";","124":"e","125":"A","126":"a","127":"e","128":";","129":"E","130":"A","131":"C","132":"b","133":",","134":"I","135":"A","136":"A","137":"I","138":",","139":"E","140":"A","141":"A","142":"E","143":",","144":"Q","145":"A","146":"A","147":"Q","148":";","149":"E","150":"A","151":"C","152":"d","153":",","154":"I","155":"A","156":"A","157":"I","158":",","159":"G","160":"A","161":"A","162":"G","163":";","164":"I","165":"A","166":"C","167":"L","168":",","169":"O","170":"A","171":"A","172":"O","173":";","174":"M","175":"A","176":"C","177":"L","178":",","179":"g","180":"B","181":"A","182":"A","183":"g","184":"B","185":",","186":"E","187":"A","188":"A","189":"E","190":";","191":"I","192":"A","193":"C","194":"p","195":"B","196":",","197":"C","198":"A","199":"A","200":"C","201":";","202":"E","203":"A","204":"C","205":"H","206":";","207":"A","208":"A","209":"C","210":"F","211":",","212":"C","213":"A","214":"A","215":"C","216":";","217":"A","218":"A","219":"A","220":"A","221":";","222":"A","223":"A","224":"A","225":"A","226":"\"","227":",","228":"\"","229":"f","230":"i","231":"l","232":"e","233":"\"","234":":","235":"\"","236":"C","237":":","238":"\\","239":"\\","240":"U","241":"s","242":"e","243":"r","244":"s","245":"\\","246":"\\","247":"9","248":"1","249":"7","250":"3","251":"8","252":"\\","253":"\\","254":"D","255":"e","256":"s","257":"k","258":"t","259":"o","260":"p","261":"\\","262":"\\","263":"j","264":"o","265":"b","266":"-","267":"s","268":"e","269":"a","270":"r","271":"c","272":"h","273":"\\","274":"\\","275":"s","276":"r","277":"c","278":"\\","279":"\\","280":"c","281":"o","282":"m","283":"p","284":"o","285":"n","286":"e","287":"n","288":"t","289":"s","290":"\\","291":"\\","292":"S","293":"u","294":"b","295":"n","296":"a","297":"v","298":".","299":"v","300":"u","301":"e","302":"\"","303":",","304":"\"","305":"s","306":"o","307":"u","308":"r","309":"c","310":"e","311":"s","312":"C","313":"o","314":"n","315":"t","316":"e","317":"n","318":"t","319":"\"","320":":","321":"[","322":"\"","323":"<","324":"t","325":"e","326":"m","327":"p","328":"l","329":"a","330":"t","331":"e","332":">","333":"\\","334":"r","335":"\\","336":"n","337":" ","338":" ","339":"<","340":"d","341":"i","342":"v","343":" ","344":"c","345":"l","346":"a","347":"s","348":"s","349":"=","350":"\\","351":"\"","352":"w","353":"-","354":"f","355":"u","356":"l","357":"l","358":" ","359":"h","360":"-","361":"1","362":"6","363":" ","364":"b","365":"g","366":"-","367":"w","368":"h","369":"i","370":"t","371":"e","372":" ","373":"b","374":"o","375":"r","376":"d","377":"e","378":"r","379":"-","380":"b","381":" ","382":"b","383":"o","384":"r","385":"d","386":"e","387":"r","388":"-","389":"s","390":"o","391":"l","392":"i","393":"d","394":" ","395":"b","396":"o","397":"r","398":"d","399":"e","400":"r","401":"-","402":"b","403":"r","404":"a","405":"n","406":"d","407":"-","408":"g","409":"r","410":"a","411":"y","412":"-","413":"1","414":"\\","415":"\"","416":">","417":"\\","418":"r","419":"\\","420":"n","421":" ","422":" ","423":" ","424":" ","425":"<","426":"d","427":"i","428":"v","429":"\\","430":"r","431":"\\","432":"n","433":" ","434":" ","435":" ","436":" ","437":" ","438":" ","439":"v","440":"-","441":"i","442":"f","443":"=","444":"\\","445":"\"","446":"o","447":"n","448":"J","449":"o","450":"b","451":"R","452":"e","453":"t","454":"u","455":"r","456":"n","457":"s","458":"P","459":"a","460":"g","461":"e","462":"\\","463":"\"","464":"\\","465":"r","466":"\\","467":"n","468":" ","469":" ","470":" ","471":" ","472":" ","473":" ","474":"d","475":"a","476":"t","477":"a","478":"-","479":"t","480":"e","481":"s","482":"t","483":"=","484":"\\","485":"\"","486":"j","487":"o","488":"b","489":"-","490":"c","491":"o","492":"u","493":"n","494":"t","495":"\\","496":"\"","497":"\\","498":"r","499":"\\","500":"n","501":" ","502":" ","503":" ","504":" ","505":" ","506":" ","507":"c","508":"l","509":"a","510":"s","511":"s","512":"=","513":"\\","514":"\"","515":"f","516":"l","517":"e","518":"x","519":" ","520":"i","521":"t","522":"e","523":"m","524":"s","525":"-","526":"c","527":"e","528":"n","529":"t","530":"e","531":"r","532":" ","533":"p","534":"x","535":"-","536":"8","537":" ","538":"h","539":"-","540":"f","541":"u","542":"l","543":"l","544":"\\","545":"\"","546":"\\","547":"r","548":"\\","549":"n","550":" ","551":" ","552":" ","553":" ","554":">","555":"\\","556":"r","557":"\\","558":"n","559":" ","560":" ","561":" ","562":" ","563":" ","564":" ","565":"<","566":"f","567":"o","568":"n","569":"t","570":"-","571":"a","572":"w","573":"e","574":"s","575":"o","576":"m","577":"e","578":"-","579":"i","580":"c","581":"o","582":"n","583":" ","584":":","585":"i","586":"c","587":"o","588":"n","589":"=","590":"\\","591":"\"","592":"[","593":"'","594":"f","595":"a","596":"s","597":"'","598":",","599":" ","600":"'","601":"s","602":"e","603":"a","604":"r","605":"c","606":"h","607":"'","608":"]","609":"\\","610":"\"","611":" ","612":"c","613":"l","614":"a","615":"s","616":"s","617":"=","618":"\\","619":"\"","620":"m","621":"r","622":"-","623":"3","624":"\\","625":"\"","626":" ","627":"/","628":">","629":"\\","630":"r","631":"\\","632":"n","633":" ","634":" ","635":" ","636":" ","637":" ","638":" ","639":"<","640":"s","641":"p","642":"a","643":"n","644":">","645":"<","646":"s","647":"p","648":"a","649":"n","650":" ","651":"c","652":"l","653":"a","654":"s","655":"s","656":"=","657":"\\","658":"\"","659":"t","660":"e","661":"x","662":"t","663":"-","664":"b","665":"r","666":"a","667":"n","668":"d","669":"-","670":"g","671":"r","672":"e","673":"e","674":"n","675":"-","676":"1","677":"\\","678":"\"","679":">","680":"1","681":"6","682":"5","683":"3","684":"<","685":"/","686":"s","687":"p","688":"a","689":"n","690":">","691":" ","692":"j","693":"o","694":"b","695":"s","696":" ","697":"m","698":"a","699":"t","700":"c","701":"h","702":"e","703":"d","704":"<","705":"/","706":"s","707":"p","708":"a","709":"n","710":">","711":"\\","712":"r","713":"\\","714":"n","715":" ","716":" ","717":" ","718":" ","719":"<","720":"/","721":"d","722":"i","723":"v","724":">","725":"\\","726":"r","727":"\\","728":"n","729":" ","730":" ","731":"<","732":"/","733":"d","734":"i","735":"v","736":">","737":"\\","738":"r","739":"\\","740":"n","741":"<","742":"/","743":"t","744":"e","745":"m","746":"p","747":"l","748":"a","749":"t","750":"e","751":">","752":"\\","753":"r","754":"\\","755":"n","756":"<","757":"s","758":"c","759":"r","760":"i","761":"p","762":"t","763":">","764":"\\","765":"r","766":"\\","767":"n","768":"e","769":"x","770":"p","771":"o","772":"r","773":"t","774":" ","775":"d","776":"e","777":"f","778":"a","779":"u","780":"l","781":"t","782":" ","783":"{","784":"\\","785":"r","786":"\\","787":"n","788":" ","789":" ","790":"n","791":"a","792":"m","793":"e","794":":","795":" ","796":"\\","797":"\"","798":"S","799":"u","800":"b","801":"n","802":"a","803":"v","804":"\\","805":"\"","806":",","807":"\\","808":"r","809":"\\","810":"n","811":" ","812":" ","813":"d","814":"a","815":"t","816":"a","817":"(","818":")","819":" ","820":"{","821":"\\","822":"r","823":"\\","824":"n","825":" ","826":" ","827":" ","828":" ","829":"r","830":"e","831":"t","832":"u","833":"r","834":"n","835":" ","836":"{","837":"\\","838":"r","839":"\\","840":"n","841":" ","842":" ","843":" ","844":" ","845":" ","846":" ","847":"o","848":"n","849":"J","850":"o","851":"b","852":"R","853":"e","854":"t","855":"u","856":"r","857":"n","858":"s","859":"P","860":"a","861":"g","862":"e","863":":","864":" ","865":"t","866":"r","867":"u","868":"e","869":",","870":"\\","871":"r","872":"\\","873":"n","874":" ","875":" ","876":" ","877":" ","878":"}","879":";","880":"\\","881":"r","882":"\\","883":"n","884":" ","885":" ","886":"}","887":",","888":"\\","889":"r","890":"\\","891":"n","892":"}","893":";","894":"\\","895":"r","896":"\\","897":"n","898":"<","899":"/","900":"s","901":"c","902":"r","903":"i","904":"p","905":"t","906":">","907":"\\","908":"r","909":"\\","910":"n","911":"\"","912":"]","913":"}"},"_coverageSchema":"1a1c01bbd47fc00a2c39e90264f33305004495a9","hash":"026fecdc7850e7550bbd7c3cf349b75a0efe5217"}
}
